#
# A fatal error has been detected by the Java Runtime Environment:
#
#  EXCEPTION_ACCESS_VIOLATION (0xc0000005) at pc=0x00007ffd71653004, pid=208044, tid=211456
#
# JRE version: OpenJDK Runtime Environment (24.0+36) (build 24+36-3646)
# Java VM: OpenJDK 64-Bit Server VM (24+36-3646, mixed mode, sharing, tiered, compressed oops, compressed class ptrs, g1 gc, windows-amd64)
# Problematic frame:
# C  [libasyncProfiler.dll+0x93004]
#
# No core dump will be written. Minidumps are not enabled by default on client versions of Windows
#
# JFR recording file will be written. Location: C:\Users\mehdi\Desktop\Switchfully\WorkStation\ParkShark\hs_err_pid208044.jfr
#
# If you would like to submit a bug report, please visit:
#   https://bugreport.java.com/bugreport/crash.jsp
# The crash happened outside the Java Virtual Machine in native code.
# See problematic frame for where to report the bug.
#

---------------  S U M M A R Y ------------

Command Line: -ea -Didea.test.cyclic.buffer.size=1048576 -javaagent:C:\Program Files\JetBrains\IntelliJ IDEA 2024.3.5\lib\idea_rt.jar=61921 -javaagent:C:\Users\mehdi\AppData\Local\JetBrains\IntelliJIdea2024.3\captureAgent\debugger-agent.jar -Dkotlinx.coroutines.debug.enable.creation.stack.trace=false -Ddebugger.agent.enable.coroutines=true -Dkotlinx.coroutines.debug.enable.flows.stack.trace=true -Dkotlinx.coroutines.debug.enable.mutable.state.flows.stack.trace=true -Dfile.encoding=UTF-8 -Dsun.stdout.encoding=UTF-8 -Dsun.stderr.encoding=UTF-8 com.intellij.rt.junit.JUnitStarter -ideVersion5 -junit5 @w@C:\Users\mehdi\AppData\Local\Temp\idea_working_dirs_junit.tmp @C:\Users\mehdi\AppData\Local\Temp\idea_junit.tmp -socket61920

Host: AMD Ryzen 7 7735HS with Radeon Graphics        , 16 cores, 15G,  Windows 11 , 64 bit Build 26100 (10.0.26100.3775)
Time: Tue May 13 07:58:09 2025 Paris, Madrid (heure duild 26100 (10.0.26100.3775) elapsed time: 3.703619 seconds (0d 0h 0m 3s)

---------------  T H R E A D  ---------------

Current thread (0x0000024fa1b1a980):  JavaThread "Attach Listener" daemon [_thread_in_native, id=211456, stack(0x000000d6cef00000,0x000000d6cf000000) (1024K)]

Stack: [0x000000d6cef00000,0x000000d6cf000000],  sp=0x000000d6ceffeee0,  free space=1019k
Native frames: (J=compiled Java code, j=interpreted, Vv=VM code, C=native code)
C  [libasyncProfiler.dll+0x93004]  (no source info available)
C  [libasyncProfiler.dll+0x934db]  (no source info available)
C  [libasyncProfiler.dll+0x92134]  (no source info available)
C  [libasyncProfiler.dll+0x929aa]  (no source info available)
C  [libasyncProfiler.dll+0x8d561]  (no source info available)
C  [libasyncProfiler.dll+0x7ef21]  (no source info available)
C  [libasyncProfiler.dll+0x7dc38]  (no source info available)
C  [libasyncProfiler.dll+0x7db20]  (no source info available)
C  [libasyncProfiler.dll+0x84af9]  (no source info available)
V  [jvm.dll+0x57f1b7]  (no source info available)
V  [jvm.dll+0x57ff2c]  (no source info available)
V  [jvm.dll+0x14c9b7]  (no source info available)
V  [jvm.dll+0x14df81]  (no source info available)
V  [jvm.dll+0x42f566]  (no source info available)
V  [jvm.dll+0x87d8fb]  (no source info available)
V  [jvm.dll+0x72efe5]  (no source info available)
C  [ucrtbase.dll+0x37b0]  (no source info available)
C  [KERNEL32.DLL+0x2e8d7]  (no source info available)
C  [ntdll.dll+0xb14fc]  (no source info available)


siginfo: EXCEPTION_ACCESS_VIOLATION (0xc0000005), reading address 0xffffffffffffffff


Registers:
RAX=0x0000000000000010, RBX=0x0000000000000000, RCX=0xffffffffffffffff, RDX=0x007ffcbefd2ff010
RSP=0x000000d6ceffeee0, RBP=0x0000024fecdbdf98, RSI=0x000000d6cefff050, RDI=0x0000024fecdbdf98
R8 =0x0000000000000042, R9 =0x000000070b95abd8, R10=0x00007ffcbf249fc0, R11=0x0000000000000018
R12=0x000000d6cefff050, R13=0x0000024feb890ec0, R14=0x0000024fa1b1ad48, R15=0x0000024fa1b1ad48
RIP=0x00007ffd71653004, EFLAGS=0x0000000000010202

XMM[0]=0x0000000000000000 0x0000000000000000
XMM[1]=0x0000000000000000 0x0000000000000000
XMM[2]=0x0000000000000000 0x0000000000000000
XMM[3]=0x0000000000000000 0x0000000000000000
XMM[4]=0x0000000000000000 0x0000000000000000
XMM[5]=0x0000000000000000 0x0000000000000000
XMM[6]=0x0000000000000000 0x0000000000000000
XMM[7]=0x0000000000000000 0x0000000000000000
XMM[8]=0x0000000000000000 0x0000000000000000
XMM[9]=0x0000000000000000 0x0000000000000000
XMM[10]=0x0000000000000000 0x0000000000000000
XMM[11]=0x0000000000000000 0x0000000000000000
XMM[12]=0x0000000000000000 0x0000000000000000
XMM[13]=0x0000000000000000 0x0000000000000000
XMM[14]=0x0000000000000000 0x0000000000000000
XMM[15]=0x0000000000000000 0x0000000000000000
  MXCSR=0x00001fa0


Register to memory mapping:

RAX=0x0000000000000010 is an unknown value
RBX=0x0 is null
RCX=0xffffffffffffffff is an unknown value
RDX=0x007ffcbefd2ff010 is an unknown value
RSP=0x000000d6ceffeee0 is pointing into the stack for thread: 0x0000024fa1b1a980
RBP=0x0000024fecdbdf98 points into unknown readable memory: 0x000000070b95abd8 | d8 ab 95 0b 07 00 00 00
RSI=0x000000d6cefff050 is pointing into the stack for thread: 0x0000024fa1b1a980
RDI=0x0000024fecdbdf98 points into unknown readable memory: 0x000000070b95abd8 | d8 ab 95 0b 07 00 00 00
R8 =0x0000000000000042 is an unknown value
R9 =0x000000070b95abd8 is an oop: java.lang.Thread 
{0x000000070b95abd8} - klass: 'java/lang/Thread' - flags: 

 - ---- fields (total size 14 words):
 - 'threadLocalRandomProbe' 'I' @12  -1640531527 (0x9e3779b9)
 - private volatile 'eetop' 'J' @16  2540508001552 (0x0000024f8213b510)
 - private final 'tid' 'J' @24  3 (0x0000000000000003)
 - 'threadLocalRandomSeed' 'J' @32  6142317648327563132 (0x553de55b962d577c)
 - injected 'jvmti_thread_state' 'J' @40  2541046665360 (0x0000024fa22f1090)
 - 'threadLocalRandomSecondarySeed' 'I' @48  0 (0x00000000)
 - injected 'jvmti_VTMS_transition_disable_count' 'I' @52  0 (0x00000000)
 - injected 'jfr_epoch' 'S' @56  0 (0x0000)
 - volatile 'interrupted' 'Z' @58  false (0x00)
 - injected 'jvmti_is_in_VTMS_transition' 'Z' @59  false (0x00)
 - private volatile 'name' 'Ljava/lang/String;' @60  "main"{0x000000070b1cea90} (0xe1639d52)
 - private volatile 'contextClassLoader' 'Ljava/lang/ClassLoader;' @64  a 'jdk/internal/loader/ClassLoaders$AppClassLoader'{0x000000070b400028} (0xe1680005)
 - private final 'holder' 'Ljava/lang/Thread$FieldHolder;' @68  a 'java/lang/Thread$FieldHolder'{0x000000070b1ceac0} (0xe1639d58)
 - 'threadLocals' 'Ljava/lang/ThreadLocal$ThreadLocalMap;' @72  a 'java/lang/ThreadLocal$ThreadLocalMap'{0x000000070b1ceae8} (0xe1639d5d)
 - 'inheritableThreadLocals' 'Ljava/lang/ThreadLocal$ThreadLocalMap;' @76  null (0x00000000)
 - private 'scopedValueBindings' 'Ljava/lang/Object;' @80  a 'java/lang/Class'{0x000000070b401a48} = 'java/lang/Thread' (0xe1680349)
 - final 'interruptLock' 'Ljava/lang/Object;' @84  a 'java/lang/Object'{0x000000070b1ced78} (0xe1639daf)
 - private volatile 'parkBlocker' 'Ljava/lang/Object;' @88  null (0x00000000)
 - private 'nioBlocker' 'Lsun/nio/ch/Interruptible;' @92  null (0x00000000)
 - private 'cont' 'Ljdk/internal/vm/Continuation;' @96  null (0x00000000)
 - private volatile 'uncaughtExceptionHandler' 'Ljava/lang/Thread$UncaughtExceptionHandler;' @100  null (0x00000000)
 - private 'container' 'Ljdk/internal/vm/ThreadContainer;' @104  null (0x00000000)
 - private volatile 'headStackableScopes' 'Ljdk/internal/vm/StackableScope;' @108  null (0x00000000)
R10=0x00007ffcbf249fc0 jvm.dll
R11=0x0000000000000018 is an unknown value
R12=0x000000d6cefff050 is pointing into the stack for thread: 0x0000024fa1b1a980
R13=0x0000024feb890ec0 points into unknown readable memory: 0x00007ffcbf1ba510 | 10 a5 1b bf fc 7f 00 00
R14=0x0000024fa1b1ad48 points into unknown readable memory: 0x00007ffcbf1b17b0 | b0 17 1b bf fc 7f 00 00
R15=0x0000024fa1b1ad48 points into unknown readable memory: 0x00007ffcbf1b17b0 | b0 17 1b bf fc 7f 00 00

Top of Stack: (sp=0x000000d6ceffeee0)
0x000000d6ceffeee0:   000000d6cefff050 0000024fecdbdf98   P...........O...
0x000000d6ceffeef0:   0000000000000000 0000024fa1b1b0d0   ............O...
0x000000d6ceffef00:   0000000000000033 00007ffd716534db   3........4eq....
0x000000d6ceffef10:   0000000000000000 0000024fa1b1ad48   ........H...O...
0x000000d6ceffef20:   000000d6cefff001 0000000000000000   ................
0x000000d6ceffef30:   0000024fec8305f0 00007ffd71652134   ....O...4!eq....
0x000000d6ceffef40:   0000000000000000 0000000000000033   ........3.......
0x000000d6ceffef50:   0000000000000000 0000000000000033   ........3.......
0x000000d6ceffef60:   0000000eec6a0618 0000024fec8afdd0   ..j.........O...
0x000000d6ceffef70:   0000024fec8305f0 0000024fec8306bc   ....O.......O...
0x000000d6ceffef80:   0000024fec8306ec 0000000000034238   ....O...8B......
0x000000d6ceffef90:   0000000000000000 0000000000000000   ................
0x000000d6ceffefa0:   0000000000000000 00007ffcbea158e4   .........X......
0x000000d6ceffefb0:   00007ffd717aae00 0000000000032cac   ..zq.....,......
0x000000d6ceffefc0:   00007ffd717aae00 00000000ffffffff   ..zq............
0x000000d6ceffefd0:   0000000000000000 00007ffd716529aa   .........)eq....
0x000000d6ceffefe0:   0000024fa1b1ad48 0000000000000000   H...O...........
0x000000d6ceffeff0:   000000d6cefff059 0000024feb890ec0   Y...........O...
0x000000d6cefff000:   0000000000000004 0000000000000048   ........H.......
0x000000d6cefff010:   0000000800800390 0000000000000020   ........ .......
0x000000d6cefff020:   0000024fa1b1ad48 00007ffd717aae00   H...O.....zq....
0x000000d6cefff030:   0000024fa1b1ce90 0000024fa22f1090   ....O...../.O...
0x000000d6cefff040:   0000000800800390 0000024fa1b1ad48   ........H...O...
0x000000d6cefff050:   0000024fee7ace10 0000024fee7ad470   ..z.O...p.z.O...
0x000000d6cefff060:   0000024fee7ad470 00007ffd717aae00   p.z.O.....zq....
0x000000d6cefff070:   0000024fec6a0618 000000d6cefff1e8   ..j.O...........
0x000000d6cefff080:   000000d6cefff320 0000000000008840    .......@.......
0x000000d6cefff090:   000000d6cefff500 00007ffd717aae50   ........P.zq....
0x000000d6cefff0a0:   0000000000989680 0000000000989680   ................
0x000000d6cefff0b0:   000000d6cefff1c0 00007ffd7164d561   ........a.dq....
0x000000d6cefff0c0:   00007ffd717aae00 00007ffd717aae58   ..zq....X.zq....
0x000000d6cefff0d0:   00007ffd00000000 00007ffc00000001   ................

Instructions: (pc=0x00007ffd71653004)
  0x00007ffd71652f04:   cc cc cc cc cc cc cc cc cc cc cc cc cc cc cc cc
  0x00007ffd71652f14:   cc cc cc cc cc cc cc cc cc cc cc cc cc cc cc cc
  0x00007ffd71652f24:   cc cc cc cc cc cc cc cc cc cc cc cc cc cc cc cc
  0x00007ffd71652f34:   cc cc cc cc cc cc cc cc cc cc cc cc cc cc cc cc
  0x00007ffd71652f44:   cc cc cc cc cc cc cc cc cc cc cc cc cc cc cc cc
  0x00007ffd71652f54:   cc cc cc cc cc cc cc cc cc cc cc cc cc cc cc cc
  0x00007ffd71652f64:   cc cc cc cc cc cc cc cc cc cc cc cc cc cc cc cc
  0x00007ffd71652f74:   cc cc cc cc cc cc cc cc cc cc cc cc cc cc cc cc
  0x00007ffd71652f84:   cc cc cc cc cc cc cc cc cc cc cc cc 40 57 48 83
  0x00007ffd71652f94:   ec 20 48 8b f9 48 8b 0d 30 80 15 00 48 85 c9 74
  0x00007ffd71652fa4:   20 48 8b 01 48 8d 54 24 38 41 b8 06 00 01 00 4c
  0x00007ffd71652fb4:   8b 48 30 41 ff d1 85 c0 75 07 48 8b 4c 24 38 eb
  0x00007ffd71652fc4:   02 33 c9 4c 8b 05 0a 81 15 00 48 89 5c 24 30 4d
  0x00007ffd71652fd4:   85 c0 74 4a 48 8b 01 48 8b d7 4c 8b 88 28 03 00
  0x00007ffd71652fe4:   00 41 ff d1 48 85 c0 74 35 48 63 0d b8 3d 15 00
  0x00007ffd71652ff4:   48 8b 14 01 48 85 d2 74 15 48 63 05 bc 3d 15 00
=>0x00007ffd71653004:   8b 04 10 48 8b 5c 24 30 48 83 c4 20 5f c3 b8 ff
  0x00007ffd71653014:   ff ff ff 48 8b 5c 24 30 48 83 c4 20 5f c3 80 3d
  0x00007ffd71653024:   bb 7f 15 00 00 bb ff ff ff ff 74 20 4c 8b 0d 51
  0x00007ffd71653034:   7c 15 00 4c 8d 44 24 38 48 8b 0d 35 7c 15 00 48
  0x00007ffd71653044:   8b d7 41 ff d1 85 c0 0f 44 5c 24 38 8b c3 48 8b
  0x00007ffd71653054:   5c 24 30 48 83 c4 20 5f c3 cc cc cc cc cc cc cc
  0x00007ffd71653064:   cc cc cc cc cc cc cc cc cc cc cc cc cc cc cc cc
  0x00007ffd71653074:   cc cc cc cc cc cc cc cc cc cc cc cc cc cc cc cc
  0x00007ffd71653084:   cc cc cc cc cc cc cc cc cc cc cc cc 48 89 54 24
  0x00007ffd71653094:   10 53 55 56 57 41 56 41 57 48 83 ec 28 48 8b f2
  0x00007ffd716530a4:   4c 8b f1 48 89 4c 24 78 45 33 ff 44 89 7c 24 68
  0x00007ffd716530b4:   c7 44 24 60 01 00 00 00 48 8d 4c 24 68 e8 69 3c
  0x00007ffd716530c4:   f7 ff 8b d8 48 8d 4c 24 60 e8 5d 3c f7 ff 8b e8
  0x00007ffd716530d4:   49 8b ce e8 33 f3 f6 ff 48 8b f8 90 8b c3 f0 0f
  0x00007ffd716530e4:   b1 2f 74 04 f3 90 eb f4 4c 89 3e 4c 89 7e 08 4c
  0x00007ffd716530f4:   89 7e 10 49 8b 6e 08 4d 8b 76 10 49 3b ee 0f 84


Stack slot to memory mapping:

stack at sp + 0 slots: 0x000000d6cefff050 is pointing into the stack for thread: 0x0000024fa1b1a980
stack at sp + 1 slots: 0x0000024fecdbdf98 points into unknown readable memory: 0x000000070b95abd8 | d8 ab 95 0b 07 00 00 00
stack at sp + 2 slots: 0x0 is null
stack at sp + 3 slots: 0x0000024fa1b1b0d0 points into unknown readable memory: 0x6e616c2e6176616a | 6a 61 76 61 2e 6c 61 6e
stack at sp + 4 slots: 0x0000000000000033 is an unknown value
stack at sp + 5 slots: 0x00007ffd716534db libasyncProfiler.dll
stack at sp + 6 slots: 0x0 is null
stack at sp + 7 slots: 0x0000024fa1b1ad48 points into unknown readable memory: 0x00007ffcbf1b17b0 | b0 17 1b bf fc 7f 00 00

Lock stack of current Java thread (top to bottom):


---------------  P R O C E S S  ---------------

Threads class SMR info:
_java_thread_list=0x0000024fec89ff70, length=26, elements={
0x0000024f8213b510, 0x0000024fa1b16750, 0x0000024fa1b16e90, 0x0000024fa1b19bd0,
0x0000024fa1b1a980, 0x0000024fa1b1d4c0, 0x0000024fa1b1e120, 0x0000024fa1b2cac0,
0x0000024fa1b2e650, 0x0000024fa2152e00, 0x0000024fa215a020, 0x0000024fa218cfb0,
0x0000024fa21d52f0, 0x0000024fa22f5410, 0x0000024fa25f7940, 0x0000024fa2a94710,
0x0000024fe888e4a0, 0x0000024fe88c5ce0, 0x0000024fe88c6470, 0x0000024fe893bc80,
0x0000024fe8a00fe0, 0x0000024fe8c71340, 0x0000024fe8b16980, 0x0000024fe8b499c0,
0x0000024feb6d4880, 0x0000024feb6d6d10
}

Java Threads: ( => current thread )
  0x0000024f8213b510 JavaThread "main"                              [_thread_in_vm, id=210912, stack(0x000000d6ce400000,0x000000d6ce500000) (1024K)]
  0x0000024fa1b16750 JavaThread "Reference Handler"          daemon [_thread_blocked, id=206864, stack(0x000000d6cec00000,0x000000d6ced00000) (1024K)]
  0x0000024fa1b16e90 JavaThread "Finalizer"                  daemon [_thread_blocked, id=70804, stack(0x000000d6ced00000,0x000000d6cee00000) (1024K)]
  0x0000024fa1b19bd0 JavaThread "Signal Dispatcher"          daemon [_thread_blocked, id=195420, stack(0x000000d6cee00000,0x000000d6cef00000) (1024K)]
=>0x0000024fa1b1a980 JavaThread "Attach Listener"            daemon [_thread_in_native, id=211456, stack(0x000000d6cef00000,0x000000d6cf000000) (1024K)]
  0x0000024fa1b1d4c0 JavaThread "Service Thread"             daemon [_thread_blocked, id=178852, stack(0x000000d6cf000000,0x000000d6cf100000) (1024K)]
  0x0000024fa1b1e120 JavaThread "Monitor Deflation Thread"   daemon [_thread_blocked, id=210324, stack(0x000000d6cf100000,0x000000d6cf200000) (1024K)]
  0x0000024fa1b2cac0 JavaThread "C2 CompilerThread0"         daemon [_thread_blocked, id=212784, stack(0x000000d6cf200000,0x000000d6cf300000) (1024K)]
  0x0000024fa1b2e650 JavaThread "C1 CompilerThread0"         daemon [_thread_blocked, id=212476, stack(0x000000d6cf300000,0x000000d6cf400000) (1024K)]
  0x0000024fa2152e00 JavaThread "Common-Cleaner"             daemon [_thread_blocked, id=209360, stack(0x000000d6cf400000,0x000000d6cf500000) (1024K)]
  0x0000024fa215a020 JavaThread "C1 CompilerThread1"         daemon [_thread_blocked, id=204616, stack(0x000000d6cf500000,0x000000d6cf600000) (1024K)]
  0x0000024fa218cfb0 JavaThread "C1 CompilerThread2"         daemon [_thread_blocked, id=29296, stack(0x000000d6cf600000,0x000000d6cf700000) (1024K)]
  0x0000024fa21d52f0 JavaThread "C2 CompilerThread1"         daemon [_thread_blocked, id=211200, stack(0x000000d6cf700000,0x000000d6cf800000) (1024K)]
  0x0000024fa22f5410 JavaThread "Monitor Ctrl-Break"         daemon [_thread_in_native, id=209932, stack(0x000000d6cf800000,0x000000d6cf900000) (1024K)]
  0x0000024fa25f7940 JavaThread "Notification Thread"        daemon [_thread_blocked, id=213248, stack(0x000000d6cf900000,0x000000d6cfa00000) (1024K)]
  0x0000024fa2a94710 JavaThread "C2 CompilerThread2"         daemon [_thread_blocked, id=209788, stack(0x000000d6cfa00000,0x000000d6cfb00000) (1024K)]
  0x0000024fe888e4a0 JavaThread "C1 CompilerThread3"         daemon [_thread_blocked, id=211616, stack(0x000000d6cfb00000,0x000000d6cfc00000) (1024K)]
  0x0000024fe88c5ce0 JavaThread "C2 CompilerThread3"         daemon [_thread_blocked, id=23084, stack(0x000000d6cfc00000,0x000000d6cfd00000) (1024K)]
  0x0000024fe88c6470 JavaThread "C2 CompilerThread4"         daemon [_thread_blocked, id=190044, stack(0x000000d6cfd00000,0x000000d6cfe00000) (1024K)]
  0x0000024fe893bc80 JavaThread "C2 CompilerThread5"         daemon [_thread_blocked, id=214916, stack(0x000000d6cfe00000,0x000000d6cff00000) (1024K)]
  0x0000024fe8a00fe0 JavaThread "RMI TCP Accept-0"           daemon [_thread_in_native, id=217416, stack(0x000000d6cff00000,0x000000d6d0000000) (1024K)]
  0x0000024fe8c71340 JavaThread "RMI TCP Connection(1)-192.168.0.203" daemon [_thread_in_native, id=215464, stack(0x000000d6d0000000,0x000000d6d0100000) (1024K)]
  0x0000024fe8b16980 JavaThread "RMI Scheduler(0)"           daemon [_thread_blocked, id=192280, stack(0x000000d6d0100000,0x000000d6d0200000) (1024K)]
  0x0000024fe8b499c0 JavaThread "JMX server connection timeout 40" daemon [_thread_blocked, id=217300, stack(0x000000d6d0200000,0x000000d6d0300000) (1024K)]
  0x0000024feb6d4880 JavaThread "JFR Recorder Thread"        daemon [_thread_in_native, id=208948, stack(0x000000d6d0900000,0x000000d6d0a00000) (1024K)]
  0x0000024feb6d6d10 JavaThread "JFR Periodic Tasks"         daemon [_thread_blocked, id=213560, stack(0x000000d6d1200000,0x000000d6d1300000) (1024K)]
Total: 26

Other Threads:
  0x0000024fa1b0a0a0 VMThread "VM Thread"                           [id=215144, stack(0x000000d6ceb00000,0x000000d6cec00000) (1024K)]
  0x0000024fa19d4d40 WatcherThread "VM Periodic Task Thread"        [id=169040, stack(0x000000d6cea00000,0x000000d6ceb00000) (1024K)]
  0x0000024f821a30e0 WorkerThread "GC Thread#0"                     [id=209956, stack(0x000000d6ce500000,0x000000d6ce600000) (1024K)]
  0x0000024fe8927ca0 WorkerThread "GC Thread#1"                     [id=207640, stack(0x000000d6d0300000,0x000000d6d0400000) (1024K)]
  0x0000024fe8928050 WorkerThread "GC Thread#2"                     [id=212732, stack(0x000000d6d0400000,0x000000d6d0500000) (1024K)]
  0x0000024fe8928400 WorkerThread "GC Thread#3"                     [id=160852, stack(0x000000d6d0500000,0x000000d6d0600000) (1024K)]
  0x0000024fe89287b0 WorkerThread "GC Thread#4"                     [id=208012, stack(0x000000d6d0600000,0x000000d6d0700000) (1024K)]
  0x0000024fe8929670 WorkerThread "GC Thread#5"                     [id=211028, stack(0x000000d6d0700000,0x000000d6d0800000) (1024K)]
  0x0000024fe8928f10 WorkerThread "GC Thread#6"                     [id=211044, stack(0x000000d6d0800000,0x000000d6d0900000) (1024K)]
  0x0000024fe9903fe0 WorkerThread "GC Thread#7"                     [id=192712, stack(0x000000d6d0a00000,0x000000d6d0b00000) (1024K)]
  0x0000024fe9906fd0 WorkerThread "GC Thread#8"                     [id=205960, stack(0x000000d6d0b00000,0x000000d6d0c00000) (1024K)]
  0x0000024fe9904740 WorkerThread "GC Thread#9"                     [id=213492, stack(0x000000d6d0c00000,0x000000d6d0d00000) (1024K)]
  0x0000024fe9904ea0 WorkerThread "GC Thread#10"                    [id=193804, stack(0x000000d6d0d00000,0x000000d6d0e00000) (1024K)]
  0x0000024fe9903880 WorkerThread "GC Thread#11"                    [id=208676, stack(0x000000d6d0e00000,0x000000d6d0f00000) (1024K)]
  0x0000024fea6974b0 WorkerThread "GC Thread#12"                    [id=209516, stack(0x000000d6d1100000,0x000000d6d1200000) (1024K)]
  0x0000024f821b8170 ConcurrentGCThread "G1 Main Marker"            [id=208924, stack(0x000000d6ce600000,0x000000d6ce700000) (1024K)]
  0x0000024f821b9330 WorkerThread "G1 Conc#0"                       [id=179892, stack(0x000000d6ce700000,0x000000d6ce800000) (1024K)]
  0x0000024fe9905600 WorkerThread "G1 Conc#1"                       [id=179852, stack(0x000000d6d0f00000,0x000000d6d1000000) (1024K)]
  0x0000024fe9906110 WorkerThread "G1 Conc#2"                       [id=214644, stack(0x000000d6d1000000,0x000000d6d1100000) (1024K)]
  0x0000024fa19bb9c0 ConcurrentGCThread "G1 Refine#0"               [id=193588, stack(0x000000d6ce800000,0x000000d6ce900000) (1024K)]
  0x0000024fa19be200 ConcurrentGCThread "G1 Service"                [id=213112, stack(0x000000d6ce900000,0x000000d6cea00000) (1024K)]
Total: 21

Threads with active compile tasks:
Total: 0

VM state: not at safepoint (normal execution)

VM Mutex/Monitor currently owned by a thread: None

Heap address: 0x000000070b000000, size: 3920 MB, Compressed Oops mode: Zero based, Oop shift amount: 3

CDS archive(s) mapped at: [0x0000024fa3000000-0x0000024fa3d40000-0x0000024fa3d40000), size 13893632, SharedBaseAddress: 0x0000024fa3000000, ArchiveRelocationMode: 1.
Compressed class space mapped at: 0x0000024fa4000000-0x0000024fe4000000, reserved size: 1073741824
UseCompressedClassPointers 1, UseCompactObjectHeaders 0
Narrow klass pointer bits 32, Max shift 3
Narrow klass base: 0x0000024fa3000000, Narrow klass shift: 0
Encoding Range: [0x0000024fa3000000 - 0x00000250a3000000), (4294967296 bytes)
Klass Range:    [0x0000024fa3000000 - 0x0000024fe4000000), (1090519040 bytes)
Klass ID Range:  [8 - 1090519033) (1090519025)

GC Precious Log:
 CardTable entry size: 512
 Card Set container configuration: InlinePtr #cards 4 size 8 Array Of Cards #cards 16 size 48 Howl #buckets 8 coarsen threshold 3686 Howl Bitmap #cards 512 size 80 coarsen threshold 460 Card regions per heap region 1 cards per card region 4096
 CPUs: 16 total, 16 available
 Memory: 15676M
 Large Page Support: Disabled
 NUMA Support: Disabled
 Compressed Oops: Enabled (Zero based)
 Heap Region Size: 2M
 Heap Min Capacity: 8M
 Heap Initial Capacity: 246M
 Heap Max Capacity: 3920M
 Pre-touch: Disabled
 Parallel Workers: 13
 Concurrent Workers: 3
 Concurrent Refinement Workers: 13
 Periodic GC: Disabled

Heap:
 garbage-first heap   total reserved 4014080K, committed 67584K, used 41543K [0x000000070b000000, 0x0000000800000000)
  region size 2048K, 14 young (28672K), 3 survivors (6144K)
 Metaspace       used 45148K, committed 45696K, reserved 1114112K
  class space    used 4495K, committed 4736K, reserved 1048576K

Heap Regions: E=young(eden), S=young(survivor), O=old, HS=humongous(starts), HC=humongous(continues), CS=collection set, F=free, TAMS=top-at-mark-start, PB=parsable bottom
|   0|0x000000070b000000, 0x000000070b200000, 0x000000070b200000|100%| O|  |TAMS 0x000000070b000000| PB 0x000000070b000000| Untracked |  0
|   1|0x000000070b200000, 0x000000070b271310, 0x000000070b400000| 22%| O|Cm|TAMS 0x000000070b200000| PB 0x000000070b200000| Complete |  0
|   2|0x000000070b400000, 0x000000070b600000, 0x000000070b600000|100%| O|  |TAMS 0x000000070b400000| PB 0x000000070b400000| Untracked |  0
|   3|0x000000070b600000, 0x000000070b800000, 0x000000070b800000|100%| O|  |TAMS 0x000000070b600000| PB 0x000000070b600000| Untracked |  0
|   4|0x000000070b800000, 0x000000070ba00000, 0x000000070ba00000|100%| O|  |TAMS 0x000000070b800000| PB 0x000000070b800000| Untracked |  0
|   5|0x000000070ba00000, 0x000000070bc00000, 0x000000070bc00000|100%| O|  |TAMS 0x000000070ba00000| PB 0x000000070ba00000| Untracked |  0
|   6|0x000000070bc00000, 0x000000070be00000, 0x000000070be00000|100%| O|  |TAMS 0x000000070bc00000| PB 0x000000070bc00000| Untracked |  0
|   7|0x000000070be00000, 0x000000070c000000, 0x000000070c000000|100%| O|  |TAMS 0x000000070be00000| PB 0x000000070be00000| Untracked |  0
|   8|0x000000070c000000, 0x000000070c200000, 0x000000070c200000|100%| O|  |TAMS 0x000000070c000000| PB 0x000000070c000000| Untracked |  0
|   9|0x000000070c200000, 0x000000070c301fb8, 0x000000070c400000| 50%| O|  |TAMS 0x000000070c200000| PB 0x000000070c200000| Untracked |  0
|  10|0x000000070c400000, 0x000000070c400000, 0x000000070c600000|  0%| F|  |TAMS 0x000000070c400000| PB 0x000000070c400000| Untracked |  0
|  11|0x000000070c600000, 0x000000070c600000, 0x000000070c800000|  0%| F|  |TAMS 0x000000070c600000| PB 0x000000070c600000| Untracked |  0
|  12|0x000000070c800000, 0x000000070c800000, 0x000000070ca00000|  0%| F|  |TAMS 0x000000070c800000| PB 0x000000070c800000| Untracked |  0
|  13|0x000000070ca00000, 0x000000070cb1ed10, 0x000000070cc00000| 56%| S|CS|TAMS 0x000000070ca00000| PB 0x000000070ca00000| Complete |  0
|  14|0x000000070cc00000, 0x000000070ce00000, 0x000000070ce00000|100%| S|CS|TAMS 0x000000070cc00000| PB 0x000000070cc00000| Complete |  0
|  15|0x000000070ce00000, 0x000000070d000000, 0x000000070d000000|100%| S|CS|TAMS 0x000000070ce00000| PB 0x000000070ce00000| Complete |  0
|  16|0x000000070d000000, 0x000000070d000000, 0x000000070d200000|  0%| F|  |TAMS 0x000000070d000000| PB 0x000000070d000000| Untracked |  0
|  17|0x000000070d200000, 0x000000070d200000, 0x000000070d400000|  0%| F|  |TAMS 0x000000070d200000| PB 0x000000070d200000| Untracked |  0
|  18|0x000000070d400000, 0x000000070d400000, 0x000000070d600000|  0%| F|  |TAMS 0x000000070d400000| PB 0x000000070d400000| Untracked |  0
|  19|0x000000070d600000, 0x000000070d600000, 0x000000070d800000|  0%| F|  |TAMS 0x000000070d600000| PB 0x000000070d600000| Untracked |  0
|  20|0x000000070d800000, 0x000000070d800000, 0x000000070da00000|  0%| F|  |TAMS 0x000000070d800000| PB 0x000000070d800000| Untracked |  0
|  21|0x000000070da00000, 0x000000070da00000, 0x000000070dc00000|  0%| F|  |TAMS 0x000000070da00000| PB 0x000000070da00000| Untracked |  0
|  22|0x000000070dc00000, 0x000000070dd4a8e0, 0x000000070de00000| 64%| E|  |TAMS 0x000000070dc00000| PB 0x000000070dc00000| Complete |  0
|  23|0x000000070de00000, 0x000000070e000000, 0x000000070e000000|100%| E|CS|TAMS 0x000000070de00000| PB 0x000000070de00000| Complete |  0
|  24|0x000000070e000000, 0x000000070e200000, 0x000000070e200000|100%| E|CS|TAMS 0x000000070e000000| PB 0x000000070e000000| Complete |  0
|  25|0x000000070e200000, 0x000000070e400000, 0x000000070e400000|100%| E|  |TAMS 0x000000070e200000| PB 0x000000070e200000| Complete |  0
|  91|0x0000000716600000, 0x0000000716800000, 0x0000000716800000|100%| E|CS|TAMS 0x0000000716600000| PB 0x0000000716600000| Complete |  0
|  92|0x0000000716800000, 0x0000000716a00000, 0x0000000716a00000|100%| E|CS|TAMS 0x0000000716800000| PB 0x0000000716800000| Complete |  0
|  93|0x0000000716a00000, 0x0000000716c00000, 0x0000000716c00000|100%| E|CS|TAMS 0x0000000716a00000| PB 0x0000000716a00000| Complete |  0
|  94|0x0000000716c00000, 0x0000000716e00000, 0x0000000716e00000|100%| E|CS|TAMS 0x0000000716c00000| PB 0x0000000716c00000| Complete |  0
|  95|0x0000000716e00000, 0x0000000717000000, 0x0000000717000000|100%| E|CS|TAMS 0x0000000716e00000| PB 0x0000000716e00000| Complete |  0
| 122|0x000000071a400000, 0x000000071a600000, 0x000000071a600000|100%| E|CS|TAMS 0x000000071a400000| PB 0x000000071a400000| Complete |  0
|1959|0x00000007ffe00000, 0x0000000800000000, 0x0000000800000000|100%| E|CS|TAMS 0x00000007ffe00000| PB 0x00000007ffe00000| Complete |  0

Card table byte_map: [0x0000024f9ab00000,0x0000024f9b2b0000] _byte_map_base: 0x0000024f972a8000

Marking Bits: (CMBitMap*) 0x0000024f821a3700
 Bits: [0x0000024f9b2b0000, 0x0000024f9eff0000)

Polling page: 0x0000024f818f0000

Metaspace:

Usage:
  Non-class:     39.74 MB used.
      Class:      4.39 MB used.
       Both:     44.13 MB used.

Virtual space:
  Non-class space:       64.00 MB reserved,      40.00 MB ( 62%) committed,  1 nodes.
      Class space:        1.00 GB reserved,       4.62 MB ( <1%) committed,  1 nodes.
             Both:        1.06 GB reserved,      44.62 MB (  4%) committed. 

Chunk freelists:
   Non-Class:  7.72 MB
       Class:  11.36 MB
        Both:  19.06 MB

MaxMetaspaceSize: unlimited
CompressedClassSpaceSize: 1.00 GB
Initial GC threshold: 21.00 MB
Current GC threshold: 58.75 MB
CDS: on
 - commit_granule_bytes: 65536.
 - commit_granule_words: 8192.
 - virtual_space_node_default_size: 8388608.
 - enlarge_chunks_in_place: 1.
UseCompressedClassPointers 1, UseCompactObjectHeaders 0
Narrow klass pointer bits 32, Max shift 3
Narrow klass base: 0x0000024fa3000000, Narrow klass shift: 0
Encoding Range: [0x0000024fa3000000 - 0x00000250a3000000), (4294967296 bytes)
Klass Range:    [0x0000024fa3000000 - 0x0000024fe4000000), (1090519040 bytes)
Klass ID Range:  [8 - 1090519033) (1090519025)


Internal statistics:

num_allocs_failed_limit: 6.
num_arena_births: 518.
num_arena_deaths: 0.
num_vsnodes_births: 2.
num_vsnodes_deaths: 0.
num_space_committed: 714.
num_space_uncommitted: 0.
num_chunks_returned_to_freelist: 6.
num_chunks_taken_from_freelist: 1822.
num_chunk_merges: 3.
num_chunk_splits: 1263.
num_chunks_enlarged: 977.
num_inconsistent_stats: 0.

CodeHeap 'non-profiled nmethods': size=119232Kb used=2237Kb max_used=2237Kb free=116994Kb
 bounds [0x0000024f92550000, 0x0000024f927c0000, 0x0000024f999c0000]
CodeHeap 'profiled nmethods': size=119104Kb used=9658Kb max_used=9658Kb free=109445Kb
 bounds [0x0000024f8a9c0000, 0x0000024f8b330000, 0x0000024f91e10000]
CodeHeap 'non-nmethods': size=7424Kb used=3530Kb max_used=3625Kb free=3893Kb
 bounds [0x0000024f91e10000, 0x0000024f921c0000, 0x0000024f92550000]
CodeCache: size=245760Kb, used=15425Kb, max_used=15520Kb, free=230332Kb
 total_blobs=6286, nmethods=5547, adapters=641, full_count=0
Compilation: enabled, stopped_count=0, restarted_count=0

Compilation events (20 events):
Event: 3.682 Thread 0x0000024fa1b2e650 5856       3       org.springframework.core.MethodParameter::validateIndex (31 bytes)
Event: 3.682 Thread 0x0000024fe888e4a0 5857       3       org.springframework.core.MethodParameter$$Lambda/0x0000024fa4209000::<init> (10 bytes)
Event: 3.682 Thread 0x0000024fa215a020 5858       3       org.springframework.core.MethodParameter::getContainingClass (18 bytes)
Event: 3.682 Thread 0x0000024fe888e4a0 nmethod 5857 0x0000024f8b2be488 code [0x0000024f8b2be5a0, 0x0000024f8b2be708]
Event: 3.682 Thread 0x0000024fa218cfb0 nmethod 5854 0x0000024f8b2be788 code [0x0000024f8b2be9a0, 0x0000024f8b2bf680]
Event: 3.682 Thread 0x0000024fa215a020 nmethod 5858 0x0000024f8b2bf708 code [0x0000024f8b2bf840, 0x0000024f8b2bfad0]
Event: 3.682 Thread 0x0000024fa215a020 5859       3       org.springframework.beans.factory.support.AbstractBeanFactory::isTypeMatch (619 bytes)
Event: 3.682 Thread 0x0000024fa1b2e650 nmethod 5856 0x0000024f8b2bfb08 code [0x0000024f8b2bfcc0, 0x0000024f8b2c0650]
Event: 3.683 Thread 0x0000024fa1b2e650 5860       3       org.springframework.beans.factory.annotation.AutowiredAnnotationBeanPostProcessor$$Lambda/0x0000024fa4369080::doWith (13 bytes)
Event: 3.683 Thread 0x0000024fa218cfb0 5861   !   3       org.springframework.beans.factory.annotation.AutowiredAnnotationBeanPostProcessor::lambda$checkLookupMethods$0 (92 bytes)
Event: 3.683 Thread 0x0000024fa1b2e650 nmethod 5860 0x0000024f8b2c0708 code [0x0000024f8b2c0820, 0x0000024f8b2c0978]
Event: 3.683 Thread 0x0000024fa218cfb0 nmethod 5861 0x0000024f8b2c0a08 code [0x0000024f8b2c0c60, 0x0000024f8b2c1e68]
Event: 3.684 Thread 0x0000024fa218cfb0 5862       3       java.util.LinkedHashMap::afterNodeInsertion (40 bytes)
Event: 3.685 Thread 0x0000024fa218cfb0 nmethod 5862 0x0000024f8b2c1f08 code [0x0000024f8b2c2060, 0x0000024f8b2c2538]
Event: 3.685 Thread 0x0000024fa215a020 nmethod 5859 0x0000024f8b2c2588 code [0x0000024f8b2c2be0, 0x0000024f8b2c7f30]
Event: 3.685 Thread 0x0000024fe88c6470 5863       4       org.springframework.boot.context.properties.source.ConfigurationPropertyName::getElement (161 bytes)
Event: 3.687 Thread 0x0000024fa215a020 5864       3       java.util.concurrent.ConcurrentHashMap$CollectionView::toArray (204 bytes)
Event: 3.688 Thread 0x0000024fa215a020 nmethod 5864 0x0000024f8b2c8088 code [0x0000024f8b2c82e0, 0x0000024f8b2c95d0]
Event: 3.689 Thread 0x0000024fa218cfb0 5865       3       java.lang.Integer::equals (31 bytes)
Event: 3.689 Thread 0x0000024fa218cfb0 nmethod 5865 0x0000024f8b2c9688 code [0x0000024f8b2c97c0, 0x0000024f8b2c9bb8]

GC Heap History (12 events):
Event: 1.095 GC heap before
{Heap before GC invocations=0 (full 0):
 garbage-first heap   total reserved 4014080K, committed 253952K, used 48240K [0x000000070b000000, 0x0000000800000000)
  region size 2048K, 24 young (49152K), 0 survivors (0K)
 Metaspace       used 11824K, committed 12160K, reserved 1114112K
  class space    used 1059K, committed 1216K, reserved 1048576K
}
Event: 1.101 GC heap after
{Heap after GC invocations=1 (full 0):
 garbage-first heap   total reserved 4014080K, committed 253952K, used 9781K [0x000000070b000000, 0x0000000800000000)
  region size 2048K, 3 young (6144K), 3 survivors (6144K)
 Metaspace       used 11824K, committed 12160K, reserved 1114112K
  class space    used 1059K, committed 1216K, reserved 1048576K
}
Event: 1.924 GC heap before
{Heap before GC invocations=1 (full 0):
 garbage-first heap   total reserved 4014080K, committed 253952K, used 54837K [0x000000070b000000, 0x0000000800000000)
  region size 2048K, 27 young (55296K), 3 survivors (6144K)
 Metaspace       used 21214K, committed 21504K, reserved 1114112K
  class space    used 2157K, committed 2304K, reserved 1048576K
}
Event: 1.929 GC heap after
{Heap after GC invocations=2 (full 0):
 garbage-first heap   total reserved 4014080K, committed 253952K, used 13367K [0x000000070b000000, 0x0000000800000000)
  region size 2048K, 5 young (10240K), 5 survivors (10240K)
 Metaspace       used 21214K, committed 21504K, reserved 1114112K
  class space    used 2157K, committed 2304K, reserved 1048576K
}
Event: 2.209 GC heap before
{Heap before GC invocations=3 (full 0):
 garbage-first heap   total reserved 4014080K, committed 55296K, used 50231K [0x000000070b000000, 0x0000000800000000)
  region size 2048K, 24 young (49152K), 5 survivors (10240K)
 Metaspace       used 29709K, committed 30080K, reserved 1114112K
  class space    used 2898K, committed 3072K, reserved 1048576K
}
Event: 2.217 GC heap after
{Heap after GC invocations=4 (full 0):
 garbage-first heap   total reserved 4014080K, committed 67584K, used 15855K [0x000000070b000000, 0x0000000800000000)
  region size 2048K, 6 young (12288K), 6 survivors (12288K)
 Metaspace       used 29709K, committed 30080K, reserved 1114112K
  class space    used 2898K, committed 3072K, reserved 1048576K
}
Event: 2.613 GC heap before
{Heap before GC invocations=4 (full 0):
 garbage-first heap   total reserved 4014080K, committed 67584K, used 42479K [0x000000070b000000, 0x0000000800000000)
  region size 2048K, 19 young (38912K), 6 survivors (12288K)
 Metaspace       used 32677K, committed 32960K, reserved 1114112K
  class space    used 3186K, committed 3328K, reserved 1048576K
}
Event: 2.621 GC heap after
{Heap after GC invocations=5 (full 0):
 garbage-first heap   total reserved 4014080K, committed 67584K, used 18217K [0x000000070b000000, 0x0000000800000000)
  region size 2048K, 3 young (6144K), 3 survivors (6144K)
 Metaspace       used 32677K, committed 32960K, reserved 1114112K
  class space    used 3186K, committed 3328K, reserved 1048576K
}
Event: 3.020 GC heap before
{Heap before GC invocations=5 (full 0):
 garbage-first heap   total reserved 4014080K, committed 67584K, used 38697K [0x000000070b000000, 0x0000000800000000)
  region size 2048K, 14 young (28672K), 3 survivors (6144K)
 Metaspace       used 35608K, committed 35968K, reserved 1114112K
  class space    used 3498K, committed 3648K, reserved 1048576K
}
Event: 3.030 GC heap after
{Heap after GC invocations=6 (full 0):
 garbage-first heap   total reserved 4014080K, committed 67584K, used 19577K [0x000000070b000000, 0x0000000800000000)
  region size 2048K, 2 young (4096K), 2 survivors (4096K)
 Metaspace       used 35608K, committed 35968K, reserved 1114112K
  class space    used 3498K, committed 3648K, reserved 1048576K
}
Event: 3.423 GC heap before
{Heap before GC invocations=7 (full 0):
 garbage-first heap   total reserved 4014080K, committed 67584K, used 48249K [0x000000070b000000, 0x0000000800000000)
  region size 2048K, 17 young (34816K), 2 survivors (4096K)
 Metaspace       used 41747K, committed 42176K, reserved 1114112K
  class space    used 4177K, committed 4352K, reserved 1048576K
}
Event: 3.430 GC heap after
{Heap after GC invocations=8 (full 0):
 garbage-first heap   total reserved 4014080K, committed 67584K, used 23111K [0x000000070b000000, 0x0000000800000000)
  region size 2048K, 3 young (6144K), 3 survivors (6144K)
 Metaspace       used 41747K, committed 42176K, reserved 1114112K
  class space    used 4177K, committed 4352K, reserved 1048576K
}

Dll operation events (12 events):
Event: 0.276 Loaded shared library C:\Users\mehdi\.jdks\openjdk-24\bin\java.dll
Event: 0.278 Loaded shared library C:\Users\mehdi\.jdks\openjdk-24\bin\zip.dll
Event: 0.308 Loaded shared library C:\Users\mehdi\.jdks\openjdk-24\bin\jsvml.dll
Event: 0.431 Loaded shared library C:\Users\mehdi\.jdks\openjdk-24\bin\instrument.dll
Event: 0.434 Loaded shared library C:\Users\mehdi\.jdks\openjdk-24\bin\net.dll
Event: 0.436 Loaded shared library C:\Users\mehdi\.jdks\openjdk-24\bin\nio.dll
Event: 0.441 Loaded shared library C:\Users\mehdi\.jdks\openjdk-24\bin\zip.dll
Event: 0.469 Loaded shared library C:\Users\mehdi\.jdks\openjdk-24\bin\extnet.dll
Event: 0.490 Loaded shared library C:\Users\mehdi\.jdks\openjdk-24\bin\jimage.dll
Event: 0.639 Loaded shared library C:\Users\mehdi\.jdks\openjdk-24\bin\management.dll
Event: 0.657 Loaded shared library C:\Users\mehdi\.jdks\openjdk-24\bin\management_ext.dll
Event: 3.264 Loaded shared library C:\Users\mehdi\AppData\Local\Temp\idea_libasyncProfiler_dll_temp_folder\libasyncProfiler.dll

Deoptimization events (20 events):
Event: 3.685 Thread 0x0000024f8213b510 Uncommon trap: trap_request=0xffffffd6 fr.pc=0x0000024f9270eaf4 relative=0x0000000000000bd4
Event: 3.685 Thread 0x0000024f8213b510 Uncommon trap: reason=array_check action=maybe_recompile pc=0x0000024f9270eaf4 method=org.springframework.boot.context.properties.source.ConfigurationPropertyName.getElement(ILorg/springframework/boot/context/properties/source/ConfigurationPropertyName$Fo
Event: 3.685 Thread 0x0000024f8213b510 DEOPT PACKING pc=0x0000024f9270eaf4 sp=0x000000d6ce4f9f70
Event: 3.685 Thread 0x0000024f8213b510 DEOPT UNPACKING pc=0x0000024f91f25882 sp=0x000000d6ce4f9f38 mode 2
Event: 3.685 Thread 0x0000024f8213b510 Uncommon trap: trap_request=0xffffffd6 fr.pc=0x0000024f9272e2e8 relative=0x0000000000000388
Event: 3.685 Thread 0x0000024f8213b510 Uncommon trap: reason=array_check action=maybe_recompile pc=0x0000024f9272e2e8 method=java.util.AbstractCollection.toArray([Ljava/lang/Object;)[Ljava/lang/Object; @ 116 c2
Event: 3.685 Thread 0x0000024f8213b510 DEOPT PACKING pc=0x0000024f9272e2e8 sp=0x000000d6ce4f9f60
Event: 3.685 Thread 0x0000024f8213b510 DEOPT UNPACKING pc=0x0000024f91f25882 sp=0x000000d6ce4f9ee0 mode 2
Event: 3.685 Thread 0x0000024f8213b510 Uncommon trap: trap_request=0xffffffd6 fr.pc=0x0000024f9272e2e8 relative=0x0000000000000388
Event: 3.685 Thread 0x0000024f8213b510 Uncommon trap: reason=array_check action=maybe_recompile pc=0x0000024f9272e2e8 method=java.util.AbstractCollection.toArray([Ljava/lang/Object;)[Ljava/lang/Object; @ 116 c2
Event: 3.685 Thread 0x0000024f8213b510 DEOPT PACKING pc=0x0000024f9272e2e8 sp=0x000000d6ce4f9e50
Event: 3.685 Thread 0x0000024f8213b510 DEOPT UNPACKING pc=0x0000024f91f25882 sp=0x000000d6ce4f9dd0 mode 2
Event: 3.685 Thread 0x0000024f8213b510 Uncommon trap: trap_request=0xffffffd6 fr.pc=0x0000024f9272e2e8 relative=0x0000000000000388
Event: 3.685 Thread 0x0000024f8213b510 Uncommon trap: reason=array_check action=maybe_recompile pc=0x0000024f9272e2e8 method=java.util.AbstractCollection.toArray([Ljava/lang/Object;)[Ljava/lang/Object; @ 116 c2
Event: 3.685 Thread 0x0000024f8213b510 DEOPT PACKING pc=0x0000024f9272e2e8 sp=0x000000d6ce4fa0b0
Event: 3.685 Thread 0x0000024f8213b510 DEOPT UNPACKING pc=0x0000024f91f25882 sp=0x000000d6ce4fa030 mode 2
Event: 3.686 Thread 0x0000024f8213b510 Uncommon trap: trap_request=0xffffffd6 fr.pc=0x0000024f9272e2e8 relative=0x0000000000000388
Event: 3.686 Thread 0x0000024f8213b510 Uncommon trap: reason=array_check action=maybe_recompile pc=0x0000024f9272e2e8 method=java.util.AbstractCollection.toArray([Ljava/lang/Object;)[Ljava/lang/Object; @ 116 c2
Event: 3.686 Thread 0x0000024f8213b510 DEOPT PACKING pc=0x0000024f9272e2e8 sp=0x000000d6ce4f9f60
Event: 3.686 Thread 0x0000024f8213b510 DEOPT UNPACKING pc=0x0000024f91f25882 sp=0x000000d6ce4f9ee0 mode 2

Classes loaded (20 events):
Event: 3.622 Loading class org/flywaydb/core/extensibility/AppliedMigration
Event: 3.622 Loading class org/flywaydb/core/extensibility/AppliedMigration done
Event: 3.622 Loading class org/flywaydb/core/extensibility/AppliedMigration
Event: 3.622 Loading class org/flywaydb/core/extensibility/AppliedMigration done
Event: 3.623 Loading class org/flywaydb/core/api/CoreMigrationType
Event: 3.623 Loading class org/flywaydb/core/api/CoreMigrationType done
Event: 3.624 Loading class org/flywaydb/core/internal/info/AppliedMigrationAttributes
Event: 3.624 Loading class org/flywaydb/core/internal/info/AppliedMigrationAttributes done
Event: 3.634 Loading class org/h2/index/Index$1
Event: 3.634 Loading class org/h2/index/Index$1 done
Event: 3.668 Loading class org/h2/command/ddl/DropTable$SchemaAndTable
Event: 3.668 Loading class org/h2/command/ddl/DropTable$SchemaAndTable done
Event: 3.678 Loading class org/flywaydb/core/internal/database/base/Connection
Event: 3.678 Loading class org/flywaydb/core/internal/database/base/Connection done
Event: 3.678 Loading class org/flywaydb/core/internal/util/DataUnits
Event: 3.678 Loading class org/flywaydb/core/internal/util/DataUnits done
Event: 3.679 Loading class java/time/Instant$1
Event: 3.679 Loading class java/time/Instant$1 done
Event: 3.688 Loading class org/springframework/beans/propertyeditors/StringArrayPropertyEditor
Event: 3.688 Loading class org/springframework/beans/propertyeditors/StringArrayPropertyEditor done

Classes unloaded (0 events):
No events

Classes redefined (1 events):
Event: 0.480 Thread 0x0000024fa1b0a0a0 redefined class name=java.lang.Throwable, count=1

Internal exceptions (20 events):
Event: 2.830 Thread 0x0000024f8213b510 Exception <a 'java/lang/NoClassDefFoundError'{0x000000071665b210}: org/quartz/Scheduler> (0x000000071665b210) 
thrown [s\open\src\hotspot\share\classfile\systemDictionary.cpp, line 316]
Event: 2.831 Thread 0x0000024f8213b510 Exception <a 'java/lang/NoClassDefFoundError'{0x000000071665cd38}: org/springframework/session/jdbc/JdbcIndexedSessionRepository> (0x000000071665cd38) 
thrown [s\open\src\hotspot\share\classfile\systemDictionary.cpp, line 316]
Event: 2.878 Thread 0x0000024f8213b510 Exception <a 'java/lang/NoSuchMethodError'{0x000000070e206b78}: 'void java.lang.invoke.DirectMethodHandle$Holder.invokeVirtual(java.lang.Object, java.lang.Object, int)'> (0x000000070e206b78) 
thrown [s\open\src\hotspot\share\interpreter\linkResolver.cpp, line 805]
Event: 2.880 Thread 0x0000024f8213b510 Exception <a 'java/lang/NoSuchMethodError'{0x000000070e21f6c0}: 'java.lang.Object java.lang.invoke.DirectMethodHandle$Holder.invokeStatic(java.lang.Object, java.lang.Object, java.lang.Object, java.lang.Object, int)'> (0x000000070e21f6c0) 
thrown [s\open\src\hotspot\share\interpreter\linkResolver.cpp, line 805]
Event: 2.880 Thread 0x0000024f8213b510 Exception <a 'java/lang/NoSuchMethodError'{0x000000070e230708}: 'void java.lang.invoke.DelegatingMethodHandle$Holder.reinvoke_L(java.lang.Object, java.lang.Object, int)'> (0x000000070e230708) 
thrown [s\open\src\hotspot\share\interpreter\linkResolver.cpp, line 805]
Event: 2.889 Thread 0x0000024f8213b510 Implicit null exception at 0x0000024f926901ca to 0x0000024f92690291
Event: 2.958 Thread 0x0000024f8213b510 Exception <a 'java/lang/NoSuchMethodError'{0x000000070de9a718}: 'java.lang.Object java.lang.invoke.DirectMethodHandle$Holder.invokeVirtual(java.lang.Object, java.lang.Object, java.lang.Object, java.lang.Object, java.lang.Object, java.lang.Object, java.lang.Object, java.lang.Object, java.lang.Object, java.lang.Object, java.lang.Object)'> (0x000000070de9a718) 
thrown [s\open\src\hotspot\share\interpreter\linkResolver.cpp, line 805]
Event: 2.963 Thread 0x0000024f8213b510 Exception <a 'java/lang/NoSuchMethodError'{0x000000070deed360}: 'void java.lang.invoke.DelegatingMethodHandle$Holder.delegate(java.lang.Object, java.lang.Object, int, java.lang.Object)'> (0x000000070deed360) 
thrown [s\open\src\hotspot\share\interpreter\linkResolver.cpp, line 805]
Event: 3.254 Thread 0x0000024f8213b510 Exception <a 'java/lang/NoSuchMethodError'{0x0000000716625b20}: 'java.lang.Object java.lang.invoke.DirectMethodHandle$Holder.invokeVirtual(java.lang.Object, java.lang.Object, int)'> (0x0000000716625b20) 
thrown [s\open\src\hotspot\share\interpreter\linkResolver.cpp, line 805]
Event: 3.267 Thread 0x0000024f8213b510 Exception <a 'java/lang/NoSuchMethodError'{0x0000000716788b68}: 'int java.lang.invoke.DirectMethodHandle$Holder.invokeSpecialIFC(java.lang.Object, java.lang.Object, java.lang.Object)'> (0x0000000716788b68) 
thrown [s\open\src\hotspot\share\interpreter\linkResolver.cpp, line 805]
Event: 3.360 Thread 0x0000024f8213b510 Exception <a 'java/lang/NoSuchMethodError'{0x000000070d676e38}: 'java.lang.Object java.lang.invoke.DirectMethodHandle$Holder.invokeSpecial(java.lang.Object, java.lang.Object, java.lang.Object, java.lang.Object, java.lang.Object, int, java.lang.Object)'> (0x000000070d676e38) 
thrown [s\open\src\hotspot\share\interpreter\linkResolver.cpp, line 805]
Event: 3.403 Thread 0x0000024fa1b1a980 Exception <a 'java/lang/NoSuchMethodError'{0x000000070d2fbf88}: 'void java.lang.invoke.DirectMethodHandle$Holder.invokeSpecial(java.lang.Object, java.lang.Object, int)'> (0x000000070d2fbf88) 
thrown [s\open\src\hotspot\share\interpreter\linkResolver.cpp, line 805]
Event: 3.403 Thread 0x0000024fa1b1a980 Exception <a 'java/lang/NoSuchMethodError'{0x000000070d303bc8}: 'void java.lang.invoke.Invokers$Holder.invokeExact_MT(java.lang.Object, int, java.lang.Object)'> (0x000000070d303bc8) 
thrown [s\open\src\hotspot\share\interpreter\linkResolver.cpp, line 805]
Event: 3.405 Thread 0x0000024f8213b510 Implicit null exception at 0x0000024f925b4b94 to 0x0000024f925b5148
Event: 3.409 Thread 0x0000024fa1b1a980 Exception <a 'sun/nio/fs/WindowsException'{0x000000070d001a88}> (0x000000070d001a88) 
thrown [s\open\src\hotspot\share\prims\jni.cpp, line 518]
Event: 3.411 Thread 0x0000024fa1b1a980 Exception <a 'sun/nio/fs/WindowsException'{0x000000070d00fec8}> (0x000000070d00fec8) 
thrown [s\open\src\hotspot\share\prims\jni.cpp, line 518]
Event: 3.414 Thread 0x0000024fa1b1a980 Exception <a 'sun/nio/fs/WindowsException'{0x000000070d022718}> (0x000000070d022718) 
thrown [s\open\src\hotspot\share\prims\jni.cpp, line 518]
Event: 3.552 Thread 0x0000024f8213b510 Exception <a 'java/lang/NoSuchMethodError'{0x0000000716fab150}: 'java.lang.Object java.lang.invoke.DirectMethodHandle$Holder.newInvokeSpecial(java.lang.Object, java.lang.Object, java.lang.Object, java.lang.Object, int)'> (0x0000000716fab150) 
thrown [s\open\src\hotspot\share\interpreter\linkResolver.cpp, line 805]
Event: 3.553 Thread 0x0000024f8213b510 Exception <a 'java/lang/NoSuchMethodError'{0x0000000716fb4380}: 'java.lang.Object java.lang.invoke.DirectMethodHandle$Holder.invokeSpecial(java.lang.Object, java.lang.Object, java.lang.Object, java.lang.Object, java.lang.Object, int)'> (0x0000000716fb4380) 
thrown [s\open\src\hotspot\share\interpreter\linkResolver.cpp, line 805]
Event: 3.554 Thread 0x0000024f8213b510 Exception <a 'java/lang/NoSuchMethodError'{0x0000000716fbcf28}: 'java.lang.Object java.lang.invoke.Invokers$Holder.linkToTargetMethod(java.lang.Object, java.lang.Object, java.lang.Object, int, java.lang.Object)'> (0x0000000716fbcf28) 
thrown [s\open\src\hotspot\share\interpreter\linkResolver.cpp, line 805]

VM Operations (20 events):
Event: 2.750 Executing VM operation: HandshakeAllThreads (Deoptimize)
Event: 2.751 Executing VM operation: HandshakeAllThreads (Deoptimize) done
Event: 2.855 Executing VM operation: HandshakeAllThreads (Deoptimize)
Event: 2.855 Executing VM operation: HandshakeAllThreads (Deoptimize) done
Event: 3.020 Executing VM operation: CollectForMetadataAllocation (Metadata GC Threshold)
Event: 3.030 Executing VM operation: CollectForMetadataAllocation (Metadata GC Threshold) done
Event: 3.038 Executing VM operation: G1PauseRemark
Event: 3.045 Executing VM operation: G1PauseRemark done
Event: 3.047 Executing VM operation: G1PauseCleanup
Event: 3.047 Executing VM operation: G1PauseCleanup done
Event: 3.095 Executing VM operation: HandshakeAllThreads (Deoptimize)
Event: 3.095 Executing VM operation: HandshakeAllThreads (Deoptimize) done
Event: 3.136 Executing VM operation: HandshakeAllThreads (Deoptimize)
Event: 3.136 Executing VM operation: HandshakeAllThreads (Deoptimize) done
Event: 3.423 Executing VM operation: G1CollectForAllocation (G1 Evacuation Pause)
Event: 3.430 Executing VM operation: G1CollectForAllocation (G1 Evacuation Pause) done
Event: 3.445 Executing VM operation: JFRSafepointClear
Event: 3.445 Executing VM operation: JFRSafepointClear done
Event: 3.591 Executing VM operation: HandshakeAllThreads (Deoptimize)
Event: 3.592 Executing VM operation: HandshakeAllThreads (Deoptimize) done

Memory protections (0 events):
No events

Nmethod flushes (20 events):
Event: 3.044 Thread 0x0000024fa1b0a0a0 flushing  nmethod 0x0000024f8ad3a508
Event: 3.044 Thread 0x0000024fa1b0a0a0 flushing  nmethod 0x0000024f8ad63188
Event: 3.044 Thread 0x0000024fa1b0a0a0 flushing  nmethod 0x0000024f8ad80488
Event: 3.044 Thread 0x0000024fa1b0a0a0 flushing  nmethod 0x0000024f8ada4688
Event: 3.044 Thread 0x0000024fa1b0a0a0 flushing  nmethod 0x0000024f8ada4c08
Event: 3.044 Thread 0x0000024fa1b0a0a0 flushing  nmethod 0x0000024f8ada5208
Event: 3.044 Thread 0x0000024fa1b0a0a0 flushing  nmethod 0x0000024f8adac708
Event: 3.044 Thread 0x0000024fa1b0a0a0 flushing  nmethod 0x0000024f8adaeb08
Event: 3.044 Thread 0x0000024fa1b0a0a0 flushing  nmethod 0x0000024f8adb3988
Event: 3.044 Thread 0x0000024fa1b0a0a0 flushing  nmethod 0x0000024f8adcca88
Event: 3.044 Thread 0x0000024fa1b0a0a0 flushing  nmethod 0x0000024f8adeb208
Event: 3.044 Thread 0x0000024fa1b0a0a0 flushing  nmethod 0x0000024f8ae2e788
Event: 3.044 Thread 0x0000024fa1b0a0a0 flushing  nmethod 0x0000024f8ae2fd88
Event: 3.044 Thread 0x0000024fa1b0a0a0 flushing  nmethod 0x0000024f8ae45e88
Event: 3.044 Thread 0x0000024fa1b0a0a0 flushing  nmethod 0x0000024f8ae46188
Event: 3.044 Thread 0x0000024fa1b0a0a0 flushing  nmethod 0x0000024f8ae56108
Event: 3.044 Thread 0x0000024fa1b0a0a0 flushing  nmethod 0x0000024f8ae70208
Event: 3.044 Thread 0x0000024fa1b0a0a0 flushing  nmethod 0x0000024f8ae7e408
Event: 3.044 Thread 0x0000024fa1b0a0a0 flushing  nmethod 0x0000024f8aebbd08
Event: 3.044 Thread 0x0000024fa1b0a0a0 flushing  nmethod 0x0000024f8af36b08

Events (20 events):
Event: 0.415 Thread 0x0000024fa1b2e650 Thread added: 0x0000024fa215a020
Event: 0.416 Thread 0x0000024fa215a020 Thread added: 0x0000024fa218cfb0
Event: 0.422 Thread 0x0000024fa215a020 Thread added: 0x0000024fa21d52f0
Event: 0.452 Thread 0x0000024f8213b510 Thread added: 0x0000024fa22f5410
Event: 0.484 Thread 0x0000024f8213b510 Thread added: 0x0000024fa25f7940
Event: 0.539 Thread 0x0000024fa1b2cac0 Thread added: 0x0000024fa2a94710
Event: 0.798 Thread 0x0000024fa1b2cac0 Thread added: 0x0000024fe888e4a0
Event: 0.800 Thread 0x0000024fa218cfb0 Thread added: 0x0000024fe88c5ce0
Event: 0.801 Thread 0x0000024fa1b2e650 Thread added: 0x0000024fe88c6470
Event: 0.836 Thread 0x0000024fa218cfb0 Thread added: 0x0000024fe893bc80
Event: 0.966 Thread 0x0000024fa1b1a980 Thread added: 0x0000024fe8a00fe0
Event: 0.979 Thread 0x0000024fe8a00fe0 Thread added: 0x0000024fe8c71340
Event: 1.004 Thread 0x0000024fe8c71340 Thread added: 0x0000024fe8b16980
Event: 1.013 Thread 0x0000024fe8c71340 Thread added: 0x0000024fe8b499c0
Event: 1.899 Thread 0x0000024f8213b510 Thread added: 0x0000024fe9caf520
Event: 2.222 Thread 0x0000024fe9caf520 Thread exited: 0x0000024fe9caf520
Event: 2.351 Thread 0x0000024f8213b510 Thread added: 0x0000024fe9caf520
Event: 2.356 Thread 0x0000024fe9caf520 Thread exited: 0x0000024fe9caf520
Event: 3.306 Thread 0x0000024fa1b1a980 Thread added: 0x0000024feb6d4880
Event: 3.405 Thread 0x0000024fa1b1a980 Thread added: 0x0000024feb6d6d10


Dynamic libraries:
0x00007ff69b1e0000 - 0x00007ff69b1ee000 	C:\Users\mehdi\.jdks\openjdk-24\bin\java.exe
0x00007ffdaff40000 - 0x00007ffdb01a0000 	C:\Windows\SYSTEM32\ntdll.dll
0x00007ffd6ba00000 - 0x00007ffd6ba1a000 	C:\Program Files\Avast Software\Avast\aswhook.dll
0x00007ffdae480000 - 0x00007ffdae547000 	C:\Windows\System32\KERNEL32.DLL
0x00007ffdad370000 - 0x00007ffdad73a000 	C:\Windows\System32\KERNELBASE.dll
0x00007ffdad940000 - 0x00007ffdada8b000 	C:\Windows\System32\ucrtbase.dll
0x00007ffda8490000 - 0x00007ffda84ab000 	C:\Users\mehdi\.jdks\openjdk-24\bin\VCRUNTIME140.dll
0x00007ffda84b0000 - 0x00007ffda84c6000 	C:\Users\mehdi\.jdks\openjdk-24\bin\jli.dll
0x00007ffdaf2c0000 - 0x00007ffdaf48c000 	C:\Windows\System32\USER32.dll
0x00007ffd99a90000 - 0x00007ffd99d27000 	C:\Windows\WinSxS\amd64_microsoft.windows.common-controls_6595b64144ccf1df_6.0.26100.3624_none_3e086962e3345f24\COMCTL32.dll
0x00007ffdad290000 - 0x00007ffdad2b7000 	C:\Windows\System32\win32u.dll
0x00007ffdae7b0000 - 0x00007ffdae859000 	C:\Windows\System32\msvcrt.dll
0x00007ffdae560000 - 0x00007ffdae58a000 	C:\Windows\System32\GDI32.dll
0x00007ffdad740000 - 0x00007ffdad871000 	C:\Windows\System32\gdi32full.dll
0x00007ffdad2c0000 - 0x00007ffdad363000 	C:\Windows\System32\msvcp_win.dll
0x00007ffdae310000 - 0x00007ffdae33f000 	C:\Windows\System32\IMM32.DLL
0x00007ffda8460000 - 0x00007ffda846c000 	C:\Users\mehdi\.jdks\openjdk-24\bin\vcruntime140_1.dll
0x00007ffd79d00000 - 0x00007ffd79d8e000 	C:\Users\mehdi\.jdks\openjdk-24\bin\msvcp140.dll
0x00007ffcbe580000 - 0x00007ffcbf322000 	C:\Users\mehdi\.jdks\openjdk-24\bin\server\jvm.dll
0x00007ffdafc60000 - 0x00007ffdafd12000 	C:\Windows\System32\ADVAPI32.dll
0x00007ffdae3d0000 - 0x00007ffdae476000 	C:\Windows\System32\sechost.dll
0x00007ffdae160000 - 0x00007ffdae276000 	C:\Windows\System32\RPCRT4.dll
0x00007ffdae8d0000 - 0x00007ffdae944000 	C:\Windows\System32\WS2_32.dll
0x00007ffdabd60000 - 0x00007ffdabdbe000 	C:\Windows\SYSTEM32\POWRPROF.dll
0x00007ffda0740000 - 0x00007ffda0776000 	C:\Windows\SYSTEM32\WINMM.dll
0x00007ffda6340000 - 0x00007ffda634b000 	C:\Windows\SYSTEM32\VERSION.dll
0x00007ffdabd40000 - 0x00007ffdabd54000 	C:\Windows\SYSTEM32\UMPDC.dll
0x00007ffdac030000 - 0x00007ffdac04a000 	C:\Windows\SYSTEM32\kernel.appcore.dll
0x00007ffda8400000 - 0x00007ffda840a000 	C:\Users\mehdi\.jdks\openjdk-24\bin\jimage.dll
0x00007ffd9dad0000 - 0x00007ffd9dd11000 	C:\Windows\SYSTEM32\DBGHELP.DLL
0x00007ffdadd70000 - 0x00007ffdae0f2000 	C:\Windows\System32\combase.dll
0x00007ffdafe10000 - 0x00007ffdafee6000 	C:\Windows\System32\OLEAUT32.dll
0x00007ffd9c9d0000 - 0x00007ffd9ca09000 	C:\Windows\SYSTEM32\dbgcore.DLL
0x00007ffdadc10000 - 0x00007ffdadca9000 	C:\Windows\System32\bcryptPrimitives.dll
0x00007ffda56a0000 - 0x00007ffda56af000 	C:\Users\mehdi\.jdks\openjdk-24\bin\instrument.dll
0x00007ffda5860000 - 0x00007ffda587e000 	C:\Users\mehdi\.jdks\openjdk-24\bin\java.dll
0x00007ffdae610000 - 0x00007ffdae7a6000 	C:\Windows\System32\ole32.dll
0x00007ffdaea70000 - 0x00007ffdaf199000 	C:\Windows\System32\SHELL32.dll
0x00007ffdad120000 - 0x00007ffdad288000 	C:\Windows\System32\wintypes.dll
0x00007ffda0340000 - 0x00007ffda0357000 	C:\Users\mehdi\.jdks\openjdk-24\bin\zip.dll
0x00007ffdaada0000 - 0x00007ffdab5f2000 	C:\Windows\SYSTEM32\windows.storage.dll
0x00007ffdafd20000 - 0x00007ffdafe0d000 	C:\Windows\System32\SHCORE.dll
0x00007ffdae860000 - 0x00007ffdae8c4000 	C:\Windows\System32\shlwapi.dll
0x00007ffdad030000 - 0x00007ffdad05f000 	C:\Windows\SYSTEM32\profapi.dll
0x00007ffd6d1c0000 - 0x00007ffd6d297000 	C:\Users\mehdi\.jdks\openjdk-24\bin\jsvml.dll
0x00007ffda5810000 - 0x00007ffda5820000 	C:\Users\mehdi\.jdks\openjdk-24\bin\net.dll
0x00007ffdac570000 - 0x00007ffdac5da000 	C:\Windows\system32\mswsock.dll
0x00007ffda57f0000 - 0x00007ffda5806000 	C:\Users\mehdi\.jdks\openjdk-24\bin\nio.dll
0x00007ffda0320000 - 0x00007ffda0329000 	C:\Users\mehdi\.jdks\openjdk-24\bin\extnet.dll
0x00007ffdaba90000 - 0x00007ffdabbb5000 	C:\Windows\SYSTEM32\DNSAPI.dll
0x00007ffdaba50000 - 0x00007ffdaba83000 	C:\Windows\SYSTEM32\IPHLPAPI.DLL
0x00007ffdae550000 - 0x00007ffdae55a000 	C:\Windows\System32\NSI.dll
0x00007ffda63d0000 - 0x00007ffda63db000 	C:\Windows\System32\rasadhlp.dll
0x00007ffda79b0000 - 0x00007ffda7a35000 	C:\Windows\System32\fwpuclnt.dll
0x00007ffda02d0000 - 0x00007ffda02da000 	C:\Users\mehdi\.jdks\openjdk-24\bin\management.dll
0x00007ffda02c0000 - 0x00007ffda02cb000 	C:\Users\mehdi\.jdks\openjdk-24\bin\management_ext.dll
0x00007ffdae100000 - 0x00007ffdae108000 	C:\Windows\System32\PSAPI.DLL
0x00007ffdac810000 - 0x00007ffdac82c000 	C:\Windows\SYSTEM32\CRYPTSP.dll
0x00007ffdabf90000 - 0x00007ffdabfca000 	C:\Windows\system32\rsaenh.dll
0x00007ffdac610000 - 0x00007ffdac63b000 	C:\Windows\SYSTEM32\USERENV.dll
0x00007ffdad000000 - 0x00007ffdad026000 	C:\Windows\SYSTEM32\bcrypt.dll
0x00007ffdac830000 - 0x00007ffdac83c000 	C:\Windows\SYSTEM32\CRYPTBASE.dll
0x00007ffd91250000 - 0x00007ffd91268000 	C:\Windows\system32\napinsp.dll
0x00007ffd91230000 - 0x00007ffd91242000 	C:\Windows\System32\winrnr.dll
0x00007ffd88a80000 - 0x00007ffd88ab0000 	C:\Windows\system32\nlansp_c.dll
0x00007ffd89110000 - 0x00007ffd89126000 	C:\Windows\system32\wshbth.dll
0x00007ffd715c0000 - 0x00007ffd717ce000 	C:\Users\mehdi\AppData\Local\Temp\idea_libasyncProfiler_dll_temp_folder\libasyncProfiler.dll

dbghelp: loaded successfully - version: 4.0.5 - missing functions: none
symbol engine: initialized successfully - sym options: 0x614 - pdb path: .;C:\Users\mehdi\.jdks\openjdk-24\bin;C:\Windows\SYSTEM32;C:\Program Files\Avast Software\Avast;C:\Windows\WinSxS\amd64_microsoft.windows.common-controls_6595b64144ccf1df_6.0.26100.3624_none_3e086962e3345f24;C:\Users\mehdi\.jdks\openjdk-24\bin\server;C:\Users\mehdi\AppData\Local\Temp\idea_libasyncProfiler_dll_temp_folder

VM Arguments:
jvm_args: -ea -Didea.test.cyclic.buffer.size=1048576 -javaagent:C:\Program Files\JetBrains\IntelliJ IDEA 2024.3.5\lib\idea_rt.jar=61921 -javaagent:C:\Users\mehdi\AppData\Local\JetBrains\IntelliJIdea2024.3\captureAgent\debugger-agent.jar -Dkotlinx.coroutines.debug.enable.creation.stack.trace=false -Ddebugger.agent.enable.coroutines=true -Dkotlinx.coroutines.debug.enable.flows.stack.trace=true -Dkotlinx.coroutines.debug.enable.mutable.state.flows.stack.trace=true -Dfile.encoding=UTF-8 -Dsun.stdout.encoding=UTF-8 -Dsun.stderr.encoding=UTF-8 
java_command: com.intellij.rt.junit.JUnitStarter -ideVersion5 -junit5 @w@C:\Users\mehdi\AppData\Local\Temp\idea_working_dirs_junit.tmp @C:\Users\mehdi\AppData\Local\Temp\idea_junit.tmp -socket61920
java_class_path (initial): C:\Users\mehdi\.m2\repository\org\junit\platform\junit-platform-launcher\1.9.3\junit-platform-launcher-1.9.3.jar;C:\Program Files\JetBrains\IntelliJ IDEA 2024.3.5\lib\idea_rt.jar;C:\Program Files\JetBrains\IntelliJ IDEA 2024.3.5\plugins\junit\lib\junit5-rt.jar;C:\Program Files\JetBrains\IntelliJ IDEA 2024.3.5\plugins\junit\lib\junit-rt.jar;C:\Users\mehdi\Desktop\Switchfully\WorkStation\ParkShark\target\test-classes;C:\Users\mehdi\Desktop\Switchfully\WorkStation\ParkShark\target\classes;C:\Users\mehdi\.m2\repository\org\springframework\boot\spring-boot-starter-web\3.1.2\spring-boot-starter-web-3.1.2.jar;C:\Users\mehdi\.m2\repository\org\springframework\boot\spring-boot-starter\3.1.2\spring-boot-starter-3.1.2.jar;C:\Users\mehdi\.m2\repository\org\springframework\boot\spring-boot\3.1.2\spring-boot-3.1.2.jar;C:\Users\mehdi\.m2\repository\org\springframework\boot\spring-boot-autoconfigure\3.1.2\spring-boot-autoconfigure-3.1.2.jar;C:\Users\mehdi\.m2\repository\org\springframework\boot\spring-boot-starter-logging\3.1.2\spring-boot-starter-logging-3.1.2.jar;C:\Users\mehdi\.m2\repository\ch\qos\logback\logback-classic\1.4.8\logback-classic-1.4.8.jar;C:\Users\mehdi\.m2\repository\ch\qos\logback\logback-core\1.4.8\logback-core-1.4.8.jar;C:\Users\mehdi\.m2\repository\org\apache\logging\log4j\log4j-to-slf4j\2.20.0\log4j-to-slf4j-2.20.0.jar;C:\Users\mehdi\.m2\repository\org\apache\logging\log4j\log4j-api\2.20.0\log4j-api-2.20.0.jar;C:\Users\mehdi\.m2\repository\org\slf4j\jul-to-slf4j\2.0.7\jul-to-slf4j-2.0.7.jar;C:\Users\mehdi\.m2\repository\jakarta\annotation\jakarta.annotation-api\2.1.1\jakarta.annotation-api-2.1.1.jar;C:\Users\mehdi\.m2\repository\org\yaml\snakeyaml\1.33\snakeyaml-1.33.jar;C:\Users\mehdi\.m2\repository\org\springframework\boot\spring-boot-starter-json\3.1.2\spring-boot-starter-json-3.1.2.jar;C:\Users\mehdi\.m2\repository\com\fasterxml\jackson\core\jackson-databind\2.15.2\jackson-databind-2.15.2.jar;C:\Users\mehdi\.m2\repository\com\fasterxml\jackson\core\jackson-annotations\2.15.2\jackson-annotations-2.15.2.jar;C:\Users\mehdi\.m2\repository\com\fasterxml\jackson\datatype\jackson-datatype-jdk8\2.15.2\jackson-datatype-jdk8-2.15.2.jar;C:\Users\mehdi\.m2\repository\com\fasterxml\jackson\datatype\jackson-datatype-jsr310\2.15.2\jackson-datatype-jsr310-2.15.2.jar;C:\Users\mehdi\.m2\repository\com\fasterxml\jackson\module\jackson-module-parameter-names\2.15.2\jackson-module-parameter-names-2.15.2.jar;C:\Users\mehdi\.m2\repository\org\springframework\boot\spring-boot-starter-tomcat\3.1.2\spring-boot-starter-tomcat-3.1.2.jar;C:\Users\mehdi\.m2\repository\org\apache\tomcat\embed\tomcat-embed-core\10.1.11\tomcat-embed-core-10.1.11.jar;C:\Users\mehdi\.m2\repository\org\apache\tomcat\embed\tomcat-embed-el\10.1.11\tomcat-embed-el-10.1.11.jar;C:\Users\mehdi\.m2\repository\org\apache\tomcat\embed\tomcat-embed-websocket\10.1.11\tomcat-embed-websocket-10.1.11.jar;C:\Users\mehdi\.m2\repository\org\springframework\spring-web\6.0.11\spring-web-6.0.11.jar;C:\Users\mehdi\.m2\repository\org\springframework\spring-beans\6.0.11\spring-beans-6.0.11.jar;C:\Users\mehdi\.m2\repository\io\micrometer\micrometer-observation\1.11.2\micrometer-observation-1.11.2.jar;C:\Users\mehdi\.m2\repository\io\micrometer\micrometer-commons\1.11.2\micrometer-commons-1.11.2.jar;C:\Users\mehdi\.m2\repository\org\springframework\spring-webmvc\6.0.11\spring-webmvc-6.0.11.jar;C:\Users\mehdi\.m2\repository\org\springframework\spring-aop\6.0.11\spring-aop-6.0.11.jar;C:\Users\mehdi\.m2\repository\org\springframework\spring-context\6.0.11\spring-context-6.0.11.jar;C:\Users\mehdi\.m2\repository\org\springframework\spring-expression\6.0.11\spring-expression-6.0.11.jar;C:\Users\mehdi\.m2\repository\org\springframework\boot\spring-boot-starter-test\3.1.2\spring-boot-starter-test-3.1.2.jar;C:\Users\mehdi\.m2\repository\org\springframework\boot\spring-boot-test\3.1.2\spring-boot-test-3.1.2.jar;C:\Users\mehdi\.m2\repository\org\springframework\boot\spring-boot-test-autoconfigure\3.1.2\spring-boot-test-autoconfigure-3.1.2.jar;C:\Users\mehdi\.m2\repository\com\jayway\jsonpath\json-path\2.8.0\json-path-2.8.0.jar;C:\Users\mehdi\.m2\repository\org\slf4j\slf4j-api\2.0.7\slf4j-api-2.0.7.jar;C:\Users\mehdi\.m2\repository\jakarta\xml\bind\jakarta.xml.bind-api\4.0.0\jakarta.xml.bind-api-4.0.0.jar;C:\Users\mehdi\.m2\repository\jakarta\activation\jakarta.activation-api\2.1.2\jakarta.activation-api-2.1.2.jar;C:\Users\mehdi\.m2\repository\net\minidev\json-smart\2.4.11\json-smart-2.4.11.jar;C:\Users\mehdi\.m2\repository\net\minidev\accessors-smart\2.4.11\accessors-smart-2.4.11.jar;C:\Users\mehdi\.m2\repository\org\ow2\asm\asm\9.3\asm-9.3.jar;C:\Users\mehdi\.m2\repository\org\assertj\assertj-core\3.24.2\assertj-core-3.24.2.jar;C:\Users\mehdi\.m2\repository\net\bytebuddy\byte-buddy\1.14.5\byte-buddy-1.14.5.jar;C:\Users\mehdi\.m2\repository\org\hamcrest\hamcrest\2.2\hamcrest-2.2.jar;C:\Users\mehdi\.m2\repository\org\junit\jupiter\junit-jupiter\5.9.3\junit-jupiter-5.9.3.jar;C:\Users\mehdi\.m2\repository\org\junit\jupiter\junit-jupiter-api\5.9.3\junit-jupiter-api-5.9.3.jar;C:\Users\mehdi\.m2\repository\org\opentest4j\opentest4j\1.2.0\opentest4j-1.2.0.jar;C:\Users\mehdi\.m2\repository\org\junit\platform\junit-platform-commons\1.9.3\junit-platform-commons-1.9.3.jar;C:\Users\mehdi\.m2\repository\org\apiguardian\apiguardian-api\1.1.2\apiguardian-api-1.1.2.jar;C:\Users\mehdi\.m2\repository\org\junit\jupiter\junit-jupiter-params\5.9.3\junit-jupiter-params-5.9.3.jar;C:\Users\mehdi\.m2\repository\org\junit\jupiter\junit-jupiter-engine\5.9.3\junit-jupiter-engine-5.9.3.jar;C:\Users\mehdi\.m2\repository\org\junit\platform\junit-platform-engine\1.9.3\junit-platform-engine-1.9.3.jar;C:\Users\mehdi\.m2\repository\org\mockito\mockito-core\5.3.1\mockito-core-5.3.1.jar;C:\Users\mehdi\.m2\repository\net\bytebuddy\byte-buddy-agent\1.14.5\byte-buddy-agent-1.14.5.jar;C:\Users\mehdi\.m2\repository\org\objenesis\objenesis\3.3\objenesis-3.3.jar;C:\Users\mehdi\.m2\repository\org\mockito\mockito-junit-jupiter\5.3.1\mockito-junit-jupiter-5.3.1.jar;C:\Users\mehdi\.m2\repository\org\skyscreamer\jsonassert\1.5.1\jsonassert-1.5.1.jar;C:\Users\mehdi\.m2\repository\com\vaadin\external\google\android-json\0.0.20131108.vaadin1\android-json-0.0.20131108.vaadin1.jar;C:\Users\mehdi\.m2\repository\org\springframework\spring-core\6.0.11\spring-core-6.0.11.jar;C:\Users\mehdi\.m2\repository\org\springframework\spring-jcl\6.0.11\spring-jcl-6.0.11.jar;C:\Users\mehdi\.m2\repository\org\springframework\spring-test\6.0.11\spring-test-6.0.11.jar;C:\Users\mehdi\.m2\repository\org\xmlunit\xmlunit-core\2.9.1\xmlunit-core-2.9.1.jar;C:\Users\mehdi\.m2\repository\org\springframework\boot\spring-boot-starter-data-jpa\3.1.2\spring-boot-starter-data-jpa-3.1.2.jar;C:\Users\mehdi\.m2\repository\org\springframework\boot\spring-boot-starter-aop\3.1.2\spring-boot-starter-aop-3.1.2.jar;C:\Users\mehdi\.m2\repository\org\aspectj\aspectjweaver\1.9.19\aspectjweaver-1.9.19.jar;C:\Users\mehdi\.m2\repository\org\springframework\boot\spring-boot-starter-jdbc\3.1.2\spring-boot-starter-jdbc-3.1.2.jar;C:\Users\mehdi\.m2\repository\com\zaxxer\HikariCP\5.0.1\HikariCP-5.0.1.jar;C:\Users\mehdi\.m2\repository\org\springframework\spring-jdbc\6.0.11\spring-jdbc-6.0.11.jar;C:\Users\mehdi\.m2\repository\org\hibernate\orm\hibernate-core\6.2.6.Final\hibernate-core-6.2.6.Final.jar;C:\Users\mehdi\.m2\repository\jakarta\persistence\jakarta.persistence-api\3.1.0\jakarta.persistence-api-3.1.0.jar;C:\Users\mehdi\.m2\repository\jakarta\transaction\jakarta.transaction-api\2.0.1\jakarta.transaction-api-2.0.1.jar;C:\Users\mehdi\.m2\repository\org\jboss\logging\jboss-logging\3.5.3.Final\jboss-logging-3.5.3.Final.jar;C:\Users\mehdi\.m2\repository\org\hibernate\common\hibernate-commons-annotations\6.0.6.Final\hibernate-commons-annotations-6.0.6.Final.jar;C:\Users\mehdi\.m2\repository\io\smallrye\jandex\3.0.5\jandex-3.0.5.jar;C:\Users\mehdi\.m2\repository\com\fasterxml\classmate\1.5.1\classmate-1.5.1.jar;C:\Users\mehdi\.m2\repository\org\glassfish\jaxb\jaxb-runtime\4.0.3\jaxb-runtime-4.0.3.jar;C:\Users\mehdi\.m2\repository\org\glassfish\jaxb\jaxb-core\4.0.3\jaxb-core-4.0.3.jar;C:\Users\mehdi\.m2\repository\org\eclipse\angus\angus-activation\2.0.1\angus-activation-2.0.1.jar;C:\Users\mehdi\.m2\repository\org\glassfish\jaxb\txw2\4.0.3\txw2-4.0.3.jar;C:\Users\mehdi\.m2\repository\com\sun\istack\istack-commons-runtime\4.1.2\istack-commons-runtime-4.1.2.jar;C:\Users\mehdi\.m2\repository\jakarta\inject\jakarta.inject-api\2.0.1\jakarta.inject-api-2.0.1.jar;C:\Users\mehdi\.m2\repository\org\antlr\antlr4-runtime\4.10.1\antlr4-runtime-4.10.1.jar;C:\Users\mehdi\.m2\repository\org\springframework\data\spring-data-jpa\3.1.2\spring-data-jpa-3.1.2.jar;C:\Users\mehdi\.m2\repository\org\springframework\data\spring-data-commons\3.1.2\spring-data-commons-3.1.2.jar;C:\Users\mehdi\.m2\repository\org\springframework\spring-orm\6.0.11\spring-orm-6.0.11.jar;C:\Users\mehdi\.m2\repository\org\springframework\spring-tx\6.0.11\spring-tx-6.0.11.jar;C:\Users\mehdi\.m2\repository\org\springframework\spring-aspects\6.0.11\spring-aspects-6.0.11.jar;C:\Users\mehdi\.m2\repository\org\postgresql\postgresql\42.6.0\postgresql-42.6.0.jar;C:\Users\mehdi\.m2\repository\org\checkerframework\checker-qual\3.31.0\checker-qual-3.31.0.jar;C:\Users\mehdi\.m2\repository\org\flywaydb\flyway-core\9.16.3\flyway-core-9.16.3.jar;C:\Users\mehdi\.m2\repository\com\fasterxml\jackson\dataformat\jackson-dataformat-toml\2.15.2\jackson-dataformat-toml-2.15.2.jar;C:\Users\mehdi\.m2\repository\com\fasterxml\jackson\core\jackson-core\2.15.2\jackson-core-2.15.2.jar;C:\Users\mehdi\.m2\repository\org\apache\commons\commons-text\1.10.0\commons-text-1.10.0.jar;C:\Users\mehdi\.m2\repository\org\apache\commons\commons-lang3\3.12.0\commons-lang3-3.12.0.jar;C:\Users\mehdi\.m2\repository\com\h2database\h2\2.1.214\h2-2.1.214.jar;C:\Users\mehdi\.m2\repository\io\rest-assured\spring-mock-mvc\5.3.1\spring-mock-mvc-5.3.1.jar;C:\Users\mehdi\.m2\repository\io\rest-assured\rest-assured\5.3.1\rest-assured-5.3.1.jar;C:\Users\mehdi\.m2\repository\org\apache\groovy\groovy\4.0.13\groovy-4.0.13.jar;C:\Users\mehdi\.m2\repository\org\apache\groovy\groovy-xml\4.0.13\groovy-xml-4.0.13.jar;C:\Users\mehdi\.m2\repository\org\apache\httpcomponents\httpclient\4.5.13\httpclient-4.5.13.jar;C:\Users\mehdi\.m2\repository\org\apache\httpcomponents\httpcore\4.4.16\httpcore-4.4.16.jar;C:\Users\mehdi\.m2\repository\commons-logging\commons-logging\1.2\commons-logging-1.2.jar;C:\Users\mehdi\.m2\repository\commons-codec\commons-codec\1.15\commons-codec-1.15.jar;C:\Users\mehdi\.m2\repository\org\apache\httpcomponents\httpmime\4.5.13\httpmime-4.5.13.jar;C:\Users\mehdi\.m2\repository\org\ccil\cowan\tagsoup\tagsoup\1.2.1\tagsoup-1.2.1.jar;C:\Users\mehdi\.m2\repository\io\rest-assured\json-path\5.3.1\json-path-5.3.1.jar;C:\Users\mehdi\.m2\repository\org\apache\groovy\groovy-json\4.0.13\groovy-json-4.0.13.jar;C:\Users\mehdi\.m2\repository\io\rest-assured\rest-assured-common\5.3.1\rest-assured-common-5.3.1.jar;C:\Users\mehdi\.m2\repository\io\rest-assured\xml-path\5.3.1\xml-path-5.3.1.jar;C:\Users\mehdi\.m2\repository\io\rest-assured\spring-commons\5.3.1\spring-commons-5.3.1.jar;C:\Users\mehdi\.m2\repository\org\springdoc\springdoc-openapi-starter-webmvc-ui\2.1.0\springdoc-openapi-starter-webmvc-ui-2.1.0.jar;C:\Users\mehdi\.m2\repository\org\springdoc\springdoc-openapi-starter-webmvc-api\2.1.0\springdoc-openapi-starter-webmvc-api-2.1.0.jar;C:\Users\mehdi\.m2\repository\org\springdoc\springdoc-openapi-starter-common\2.1.0\springdoc-openapi-starter-common-2.1.0.jar;C:\Users\mehdi\.m2\repository\io\swagger\core\v3\swagger-core-jakarta\2.2.9\swagger-core-jakarta-2.2.9.jar;C:\Users\mehdi\.m2\repository\io\swagger\core\v3\swagger-annotations-jakarta\2.2.9\swagger-annotations-jakarta-2.2.9.jar;C:\Users\mehdi\.m2\repository\io\swagger\core\v3\swagger-models-jakarta\2.2.9\swagger-models-jakarta-2.2.9.jar;C:\Users\mehdi\.m2\repository\jakarta\validation\jakarta.validation-api\3.0.2\jakarta.validation-api-3.0.2.jar;C:\Users\mehdi\.m2\repository\com\fasterxml\jackson\dataformat\jackson-dataformat-yaml\2.15.2\jackson-dataformat-yaml-2.15.2.jar;C:\Users\mehdi\.m2\repository\org\webjars\swagger-ui\4.18.2\swagger-ui-4.18.2.jar
Launcher Type: SUN_STANDARD

[Global flags]
     intx CICompilerCount                          = 12                                        {product} {ergonomic}
     uint ConcGCThreads                            = 3                                         {product} {ergonomic}
     bool FlightRecorder                           = true                                      {product} {management}
     uint G1ConcRefinementThreads                  = 13                                        {product} {ergonomic}
   size_t G1HeapRegionSize                         = 2097152                                   {product} {ergonomic}
   size_t InitialHeapSize                          = 257949696                                 {product} {ergonomic}
   size_t MarkStackSize                            = 4194304                                   {product} {ergonomic}
   size_t MarkStackSizeMax                         = 536870912                                 {product} {ergonomic}
   size_t MaxHeapSize                              = 4110417920                                {product} {ergonomic}
   size_t MaxNewSize                               = 2466250752                                {product} {ergonomic}
   size_t MinHeapDeltaBytes                        = 2097152                                   {product} {ergonomic}
   size_t MinHeapSize                              = 8388608                                   {product} {ergonomic}
    uintx NonNMethodCodeHeapSize                   = 7602176                                {pd product} {ergonomic}
    uintx NonProfiledCodeHeapSize                  = 122093568                              {pd product} {ergonomic}
    uintx ProfiledCodeHeapSize                     = 121962496                              {pd product} {ergonomic}
    uintx ReservedCodeCacheSize                    = 251658240                              {pd product} {ergonomic}
     bool SegmentedCodeCache                       = true                                      {product} {ergonomic}
   size_t SoftMaxHeapSize                          = 4110417920                             {manageable} {ergonomic}
     bool UseCompressedOops                        = true                           {product lp64_product} {ergonomic}
     bool UseG1GC                                  = true                                      {product} {ergonomic}
     bool UseLargePagesIndividualAllocation        = false                                  {pd product} {ergonomic}

Logging:
Log output configuration:
 #0: stdout all=warning uptime,level,tags foldmultilines=false
 #1: stderr all=off uptime,level,tags foldmultilines=false

Environment Variables:
JAVA_HOME=C:\_development\.programs\jdk-23.0.2
PATH=C:\Program Files\Common Files\Oracle\Java\javapath;C:\Windows\system32;C:\Windows;C:\Windows\System32\Wbem;C:\Windows\System32\WindowsPowerShell\v1.0\;C:\Windows\System32\OpenSSH\;C:\Program Files (x86)\NVIDIA Corporation\PhysX\Common;C:\Program Files\NVIDIA Corporation\NVIDIA NvDLISR;C:\Program Files\Git\cmd;C:\_development\.programs\apache-maven-3.9.9\bin;C:\_development\.programs\jdk-23.0.2\bin;C:\Users\mehdi\AppData\Local\Microsoft\WindowsApps;C:\_development\.programs\apache-maven-3.9.9\bin;;C:\Users\mehdi\.lmstudio\bin;C:\Users\mehdi\AppData\Local\Programs\Microsoft VS Code\bin
USERNAME=mehdi
OS=Windows_NT
PROCESSOR_IDENTIFIER=AMD64 Family 25 Model 68 Stepping 1, AuthenticAMD
TMP=C:\Users\mehdi\AppData\Local\Temp
TEMP=C:\Users\mehdi\AppData\Local\Temp




Periodic native trim disabled

---------------  S Y S T E M  ---------------

OS:
 Windows 11 , 64 bit Build 26100 (10.0.26100.3775)
OS uptime: 7 days 13:00 hours
Hyper-V role detected

CPU: total 16 (initial active 16) (16 cores per cpu, 2 threads per core) family 25 model 68 stepping 1 microcode 0xa404105, cx8, cmov, fxsr, ht, mmx, 3dnowpref, sse, sse2, sse3, ssse3, sse4a, sse4.1, sse4.2, popcnt, lzcnt, tsc, tscinvbit, avx, avx2, aes, erms, clmul, bmi1, bmi2, adx, sha, fma, vzeroupper, clflush, clflushopt, hv, rdtscp, rdpid, fsrm, f16c, cet_ss
Processor Information for processor 0
  Max Mhz: 3201, Current Mhz: 3201, Mhz Limit: 3201
Processor Information for processor 1
  Max Mhz: 3201, Current Mhz: 2560, Mhz Limit: 3201
Processor Information for processor 2
  Max Mhz: 3201, Current Mhz: 2560, Mhz Limit: 3201
Processor Information for processor 3
  Max Mhz: 3201, Current Mhz: 3201, Mhz Limit: 3201
Processor Information for processor 4
  Max Mhz: 3201, Current Mhz: 3201, Mhz Limit: 3201
Processor Information for processor 5
  Max Mhz: 3201, Current Mhz: 2560, Mhz Limit: 3201
Processor Information for processor 6
  Max Mhz: 3201, Current Mhz: 2560, Mhz Limit: 3201
Processor Information for processor 7
  Max Mhz: 3201, Current Mhz: 2560, Mhz Limit: 3201
Processor Information for processor 8
  Max Mhz: 3201, Current Mhz: 3201, Mhz Limit: 3201
Processor Information for processor 9
  Max Mhz: 3201, Current Mhz: 2560, Mhz Limit: 3201
Processor Information for processor 10
  Max Mhz: 3201, Current Mhz: 2560, Mhz Limit: 3201
Processor Information for processor 11
  Max Mhz: 3201, Current Mhz: 3201, Mhz Limit: 3201
Processor Information for processor 12
  Max Mhz: 3201, Current Mhz: 2560, Mhz Limit: 3201
Processor Information for processor 13
  Max Mhz: 3201, Current Mhz: 3201, Mhz Limit: 3201
Processor Information for processor 14
  Max Mhz: 3201, Current Mhz: 3201, Mhz Limit: 3201
Processor Information for processor 15
  Max Mhz: 3201, Current Mhz: 2560, Mhz Limit: 3201

Memory: 4k page, system-wide physical 15676M (1325M free)
TotalPageFile size 45833M (AvailPageFile size 762M)
current process WorkingSet (physical memory assigned to process): 262M, peak: 262M
current process commit charge ("private bytes"): 332M, peak: 435M

vm_info: OpenJDK 64-Bit Server VM (24+36-3646) for windows-amd64 JRE (24+36-3646), built on 2025-02-06T00:20:43Z with MS VC++ 17.6 (VS2022)

END.
